[ 2014-09-21T10:18:47+08:00 ] 127.0.0.1 /welfare/index.php/Home/HomePage
INFO: [ app_init ] --START--
INFO: Run Behavior\BuildLiteBehavior [ RunTime:0.000052s ]
INFO: [ app_init ] --END-- [ RunTime:0.001268s ]
INFO: [ app_begin ] --START--
INFO: Run Behavior\ReadHtmlCacheBehavior [ RunTime:0.001748s ]
INFO: [ app_begin ] --END-- [ RunTime:0.001932s ]
INFO: [ view_parse ] --START--
INFO: [ template_filter ] --START--
INFO: Run Behavior\ContentReplaceBehavior [ RunTime:0.000229s ]
INFO: [ template_filter ] --END-- [ RunTime:0.000454s ]
INFO: Run Behavior\ParseTemplateBehavior [ RunTime:0.123754s ]
INFO: [ view_parse ] --END-- [ RunTime:0.124020s ]
INFO: [ view_filter ] --START--
INFO: Run Behavior\WriteHtmlCacheBehavior [ RunTime:0.014888s ]
INFO: [ view_filter ] --END-- [ RunTime:0.015076s ]
INFO: [ app_end ] --START--
INFO: Run Behavior\ShowPageTraceBehavior [ RunTime:0.010490s ]
INFO: [ app_end ] --END-- [ RunTime:0.010702s ]

[ 2014-09-21T10:18:48+08:00 ] 127.0.0.1 /welfare/index.php/Home/MainNavigation/verify
INFO: [ app_init ] --START--
INFO: Run Behavior\BuildLiteBehavior [ RunTime:0.000028s ]
INFO: [ app_init ] --END-- [ RunTime:0.000679s ]
INFO: [ app_begin ] --START--
INFO: Run Behavior\ReadHtmlCacheBehavior [ RunTime:0.000941s ]
INFO: [ app_begin ] --END-- [ RunTime:0.001052s ]
INFO: [ app_end ] --START--
INFO: Run Behavior\ShowPageTraceBehavior [ RunTime:0.001852s ]
INFO: [ app_end ] --END-- [ RunTime:0.002094s ]

[ 2014-09-21T10:19:00+08:00 ] 127.0.0.1 /welfare/index.php/Home/HomePage?
INFO: [ app_init ] --START--
INFO: Run Behavior\BuildLiteBehavior [ RunTime:0.000067s ]
INFO: [ app_init ] --END-- [ RunTime:0.001162s ]
INFO: [ app_begin ] --START--
INFO: Run Behavior\ReadHtmlCacheBehavior [ RunTime:0.001467s ]
INFO: [ app_begin ] --END-- [ RunTime:0.001645s ]
INFO: [ view_parse ] --START--
INFO: [ template_filter ] --START--
INFO: Run Behavior\ContentReplaceBehavior [ RunTime:0.000231s ]
INFO: [ template_filter ] --END-- [ RunTime:0.000432s ]
INFO: Run Behavior\ParseTemplateBehavior [ RunTime:0.025984s ]
INFO: [ view_parse ] --END-- [ RunTime:0.026179s ]
INFO: [ view_filter ] --START--
INFO: Run Behavior\WriteHtmlCacheBehavior [ RunTime:0.000622s ]
INFO: [ view_filter ] --END-- [ RunTime:0.000781s ]
INFO: [ app_end ] --START--
INFO: Run Behavior\ShowPageTraceBehavior [ RunTime:0.001540s ]
INFO: [ app_end ] --END-- [ RunTime:0.001709s ]

[ 2014-09-21T10:19:00+08:00 ] 127.0.0.1 /welfare/index.php/Home/MainNavigation/verify
INFO: [ app_init ] --START--
INFO: Run Behavior\BuildLiteBehavior [ RunTime:0.000026s ]
INFO: [ app_init ] --END-- [ RunTime:0.000526s ]
INFO: [ app_begin ] --START--
INFO: Run Behavior\ReadHtmlCacheBehavior [ RunTime:0.000853s ]
INFO: [ app_begin ] --END-- [ RunTime:0.000938s ]
INFO: [ app_end ] --START--
INFO: Run Behavior\ShowPageTraceBehavior [ RunTime:0.002093s ]
INFO: [ app_end ] --END-- [ RunTime:0.002582s ]

[ 2014-09-21T10:19:19+08:00 ] 127.0.0.1 /welfare/index.php/Home/MainNavigation/login
INFO: [ app_init ] --START--
INFO: Run Behavior\BuildLiteBehavior [ RunTime:0.000026s ]
INFO: [ app_init ] --END-- [ RunTime:0.000697s ]
INFO: [ app_begin ] --START--
INFO: Run Behavior\ReadHtmlCacheBehavior [ RunTime:0.001304s ]
INFO: [ app_begin ] --END-- [ RunTime:0.001432s ]
NOTIC: [8] A session had already been started - ignoring session_start() D:\Program Files (x86)\wamp\www\welfare\Home\Controller\MainNavigationController.class.php 第 42 行.
SQL: SHOW COLUMNS FROM `user` [ RunTime:0.025322s ]
SQL: SHOW COLUMNS FROM `message` [ RunTime:0.008513s ]
SQL: SHOW COLUMNS FROM `image` [ RunTime:0.008614s ]
SQL: SELECT `uid`,`uicon` FROM `user` WHERE ( `uname` = 'heheng' ) AND ( `password` = 'e10adc3949ba59abbe56e057f20f883e' ) LIMIT 1   [ RunTime:0.006358s ]
SQL: SELECT * FROM `image` WHERE ( iid=1 ) LIMIT 1   [ RunTime:0.007181s ]
SQL: SELECT * FROM `message` WHERE ( `msgrecvuid` = 8 ) AND ( `msgstate` = 0 )  [ RunTime:0.000535s ]

[ 2014-09-21T10:28:10+08:00 ] 127.0.0.1 /welfare/index.php/Home/School/leaveMessage
INFO: [ app_init ] --START--
INFO: Run Behavior\BuildLiteBehavior [ RunTime:0.000016s ]
INFO: [ app_init ] --END-- [ RunTime:0.000445s ]
INFO: [ app_begin ] --START--
INFO: Run Behavior\ReadHtmlCacheBehavior [ RunTime:0.000705s ]
INFO: [ app_begin ] --END-- [ RunTime:0.000788s ]

[ 2014-09-21T10:28:31+08:00 ] 127.0.0.1 /welfare/index.php/Home/School/leaveMessage
INFO: [ app_init ] --START--
INFO: Run Behavior\BuildLiteBehavior [ RunTime:0.000043s ]
INFO: [ app_init ] --END-- [ RunTime:0.001207s ]
INFO: [ app_begin ] --START--
INFO: Run Behavior\ReadHtmlCacheBehavior [ RunTime:0.002049s ]
INFO: [ app_begin ] --END-- [ RunTime:0.002241s ]
NOTIC: [8] Use of undefined constant shengchengyigaxxxxxma - assumed 'shengchengyigaxxxxxma' D:\Program Files (x86)\wamp\www\welfare\Home\Controller\SchoolController.class.php 第 276 行.

[ 2014-09-21T10:30:14+08:00 ] 127.0.0.1 /welfare/index.php/Home/School/leaveMessage
INFO: [ app_init ] --START--
INFO: Run Behavior\BuildLiteBehavior [ RunTime:0.000042s ]
INFO: [ app_init ] --END-- [ RunTime:0.000837s ]
INFO: [ app_begin ] --START--
INFO: Run Behavior\ReadHtmlCacheBehavior [ RunTime:0.000936s ]
INFO: [ app_begin ] --END-- [ RunTime:0.001049s ]
NOTIC: [8] Use of undefined constant shengchengyigaxxxxxma - assumed 'shengchengyigaxxxxxma' D:\Program Files (x86)\wamp\www\welfare\Home\Controller\SchoolController.class.php 第 276 行.

[ 2014-09-21T10:33:37+08:00 ] 127.0.0.1 /welfare/index.php/Home/School/leaveMessage
INFO: [ app_init ] --START--
INFO: Run Behavior\BuildLiteBehavior [ RunTime:0.000045s ]
INFO: [ app_init ] --END-- [ RunTime:0.001196s ]
INFO: [ app_begin ] --START--
INFO: Run Behavior\ReadHtmlCacheBehavior [ RunTime:0.002363s ]
INFO: [ app_begin ] --END-- [ RunTime:0.002598s ]
SQL: SHOW COLUMNS FROM `comment` [ RunTime:0.006496s ]
NOTIC: [8] Use of undefined constant shengchengyigaxxxxxma - assumed 'shengchengyigaxxxxxma' D:\Program Files (x86)\wamp\www\welfare\Home\Controller\SchoolController.class.php 第 279 行.
SQL: INSERT INTO `comment` (`cmntid`,`cmntuid`,`cmntcontent`,`cmntdt`,`recmntid`,`rtcmntid`) VALUES (0,8,'this is the most beautiful place in the world!','2014-09-21 10:33:37',null,null) [ RunTime:0.002002s ]

[ 2014-09-21T10:37:41+08:00 ] 127.0.0.1 /welfare/index.php/Home/School/leaveMessage
INFO: [ app_init ] --START--
INFO: Run Behavior\BuildLiteBehavior [ RunTime:0.000022s ]
INFO: [ app_init ] --END-- [ RunTime:0.000561s ]
INFO: [ app_begin ] --START--
INFO: Run Behavior\ReadHtmlCacheBehavior [ RunTime:0.001126s ]
INFO: [ app_begin ] --END-- [ RunTime:0.001221s ]
SQL: SHOW COLUMNS FROM `comment` [ RunTime:0.002663s ]
SQL: SHOW COLUMNS FROM `siterelcmnt` [ RunTime:0.002764s ]
NOTIC: [8] Use of undefined constant shengchengyigaxxxxxma - assumed 'shengchengyigaxxxxxma' D:\Program Files (x86)\wamp\www\welfare\Home\Controller\SchoolController.class.php 第 280 行.
SQL: INSERT INTO `comment` (`cmntid`,`cmntuid`,`cmntcontent`,`cmntdt`,`recmntid`,`rtcmntid`) VALUES (0,8,'this is the most beautiful place in the world!','2014-09-21 10:37:41',null,null) [ RunTime:0.000585s ]
SQL: INSERT INTO `siterelcmnt` (`siteid`,`cmntid`) VALUES (8,0) [ RunTime:0.000396s ]

[ 2014-09-21T10:50:57+08:00 ] 127.0.0.1 /welfare/index.php/Home/School/leaveMessage
INFO: [ app_init ] --START--
INFO: Run Behavior\BuildLiteBehavior [ RunTime:0.000045s ]
INFO: [ app_init ] --END-- [ RunTime:0.001232s ]
INFO: [ app_begin ] --START--
INFO: Run Behavior\ReadHtmlCacheBehavior [ RunTime:0.002437s ]
INFO: [ app_begin ] --END-- [ RunTime:0.002666s ]
SQL: SHOW COLUMNS FROM `comment` [ RunTime:0.007154s ]
SQL: SHOW COLUMNS FROM `siterelcmnt` [ RunTime:0.006415s ]
SQL: SELECT `cmntid` FROM `comment` WHERE ( cmntdt=2014-09-21 10:50:57 ) LIMIT 1   [ RunTime:0.001415s ]
ERR: 1064:You have an error in your SQL syntax; check the manual that corresponds to your MySQL server version for the right syntax to use near '10:50:57 ) LIMIT 1' at line 1
 [ SQL语句 ] : SELECT `cmntid` FROM `comment` WHERE ( cmntdt=2014-09-21 10:50:57 ) LIMIT 1  
SQL: INSERT INTO `comment` (`cmntuid`,`cmntcontent`,`cmntdt`,`recmntid`,`rtcmntid`) VALUES (8,'this is the most beautiful place in the world!','2014-09-21 10:50:57',null,null) [ RunTime:0.000908s ]
SQL: INSERT INTO `siterelcmnt` (`siteid`,`cmntid`) VALUES (8,null) [ RunTime:0.000492s ]
ERR: 1048:Column 'cmntid' cannot be null
 [ SQL语句 ] : INSERT INTO `siterelcmnt` (`siteid`,`cmntid`) VALUES (8,null)

[ 2014-09-21T10:52:02+08:00 ] 127.0.0.1 /welfare/index.php/Home/School/leaveMessage
INFO: [ app_init ] --START--
INFO: Run Behavior\BuildLiteBehavior [ RunTime:0.000016s ]
INFO: [ app_init ] --END-- [ RunTime:0.000397s ]
INFO: [ app_begin ] --START--
INFO: Run Behavior\ReadHtmlCacheBehavior [ RunTime:0.002044s ]
INFO: [ app_begin ] --END-- [ RunTime:0.002231s ]
SQL: SHOW COLUMNS FROM `comment` [ RunTime:0.003305s ]
SQL: SHOW COLUMNS FROM `siterelcmnt` [ RunTime:0.003204s ]
SQL: SELECT `cmntid` FROM `comment` WHERE ( cmntdt=2014-09-21 10:52:02 ) LIMIT 1   [ RunTime:0.000630s ]
ERR: 1064:You have an error in your SQL syntax; check the manual that corresponds to your MySQL server version for the right syntax to use near '10:52:02 ) LIMIT 1' at line 1
 [ SQL语句 ] : SELECT `cmntid` FROM `comment` WHERE ( cmntdt=2014-09-21 10:52:02 ) LIMIT 1  
SQL: INSERT INTO `comment` (`cmntuid`,`cmntcontent`,`cmntdt`,`recmntid`,`rtcmntid`) VALUES (8,'this is the most beautiful place in the world!','2014-09-21 10:52:02',null,null) [ RunTime:0.000403s ]
SQL: INSERT INTO `siterelcmnt` (`siteid`,`cmntid`) VALUES (8,null) [ RunTime:0.000277s ]
ERR: 1048:Column 'cmntid' cannot be null
 [ SQL语句 ] : INSERT INTO `siterelcmnt` (`siteid`,`cmntid`) VALUES (8,null)

[ 2014-09-21T10:57:15+08:00 ] 127.0.0.1 /welfare/index.php/Home/School/leaveMessage
INFO: [ app_init ] --START--
INFO: Run Behavior\BuildLiteBehavior [ RunTime:0.000028s ]
INFO: [ app_init ] --END-- [ RunTime:0.000811s ]
INFO: [ app_begin ] --START--
INFO: Run Behavior\ReadHtmlCacheBehavior [ RunTime:0.001403s ]
INFO: [ app_begin ] --END-- [ RunTime:0.001542s ]
SQL: SHOW COLUMNS FROM `comment` [ RunTime:0.003683s ]
SQL: SHOW COLUMNS FROM `siterelcmnt` [ RunTime:0.003761s ]
SQL: SELECT `cmntid` FROM `comment` WHERE ( cmntdt=2014-09-21 10:57:15 ) LIMIT 1   [ RunTime:0.001192s ]
ERR: 1064:You have an error in your SQL syntax; check the manual that corresponds to your MySQL server version for the right syntax to use near '10:57:15 ) LIMIT 1' at line 1
 [ SQL语句 ] : SELECT `cmntid` FROM `comment` WHERE ( cmntdt=2014-09-21 10:57:15 ) LIMIT 1  
SQL: INSERT INTO `comment` (`cmntuid`,`cmntcontent`,`cmntdt`,`recmntid`,`rtcmntid`) VALUES (8,'this is the most beautiful place in the world!','2014-09-21 10:57:15',null,null) [ RunTime:0.000457s ]
SQL: INSERT INTO `siterelcmnt` (`siteid`,`cmntid`) VALUES (8,null) [ RunTime:0.000282s ]
ERR: 1048:Column 'cmntid' cannot be null
 [ SQL语句 ] : INSERT INTO `siterelcmnt` (`siteid`,`cmntid`) VALUES (8,null)

[ 2014-09-21T11:26:00+08:00 ] 127.0.0.1 /welfare/index.php/Home/School/leaveMessage
INFO: [ app_init ] --START--
INFO: Run Behavior\BuildLiteBehavior [ RunTime:0.000016s ]
INFO: [ app_init ] --END-- [ RunTime:0.000409s ]
INFO: [ app_begin ] --START--
INFO: Run Behavior\ReadHtmlCacheBehavior [ RunTime:0.000670s ]
INFO: [ app_begin ] --END-- [ RunTime:0.000739s ]
SQL: SHOW COLUMNS FROM `comment` [ RunTime:0.001904s ]
SQL: SHOW COLUMNS FROM `siterelcmnt` [ RunTime:0.001791s ]
SQL: SELECT `cmntid` FROM `comment` WHERE ( cmntdt=2014-09-21 11:26:00 ) LIMIT 1   [ RunTime:0.000372s ]
ERR: 1064:You have an error in your SQL syntax; check the manual that corresponds to your MySQL server version for the right syntax to use near '11:26:00 ) LIMIT 1' at line 1
 [ SQL语句 ] : SELECT `cmntid` FROM `comment` WHERE ( cmntdt=2014-09-21 11:26:00 ) LIMIT 1  
SQL: INSERT INTO `comment` (`cmntuid`,`cmntcontent`,`cmntdt`,`recmntid`,`rtcmntid`) VALUES (8,'this is the most beautiful place in the world!','2014-09-21 11:26:00',null,null) [ RunTime:0.000238s ]
SQL: INSERT INTO `siterelcmnt` (`siteid`,`cmntid`) VALUES (8,null) [ RunTime:0.000164s ]
ERR: 1048:Column 'cmntid' cannot be null
 [ SQL语句 ] : INSERT INTO `siterelcmnt` (`siteid`,`cmntid`) VALUES (8,null)

[ 2014-09-21T11:26:03+08:00 ] 127.0.0.1 /welfare/index.php/Home/School/leaveMessage
INFO: [ app_init ] --START--
INFO: Run Behavior\BuildLiteBehavior [ RunTime:0.000031s ]
INFO: [ app_init ] --END-- [ RunTime:0.000503s ]
INFO: [ app_begin ] --START--
INFO: Run Behavior\ReadHtmlCacheBehavior [ RunTime:0.000604s ]
INFO: [ app_begin ] --END-- [ RunTime:0.000685s ]
SQL: SHOW COLUMNS FROM `comment` [ RunTime:0.001821s ]
SQL: SHOW COLUMNS FROM `siterelcmnt` [ RunTime:0.001859s ]
SQL: SELECT `cmntid` FROM `comment` WHERE ( cmntdt=2014-09-21 11:26:03 ) LIMIT 1   [ RunTime:0.000422s ]
ERR: 1064:You have an error in your SQL syntax; check the manual that corresponds to your MySQL server version for the right syntax to use near '11:26:03 ) LIMIT 1' at line 1
 [ SQL语句 ] : SELECT `cmntid` FROM `comment` WHERE ( cmntdt=2014-09-21 11:26:03 ) LIMIT 1  
SQL: INSERT INTO `comment` (`cmntuid`,`cmntcontent`,`cmntdt`,`recmntid`,`rtcmntid`) VALUES (8,'this is the most beautiful place in the world!','2014-09-21 11:26:03',null,null) [ RunTime:0.000219s ]
SQL: INSERT INTO `siterelcmnt` (`siteid`,`cmntid`) VALUES (8,null) [ RunTime:0.000129s ]
ERR: 1048:Column 'cmntid' cannot be null
 [ SQL语句 ] : INSERT INTO `siterelcmnt` (`siteid`,`cmntid`) VALUES (8,null)

[ 2014-09-21T11:27:30+08:00 ] 127.0.0.1 /welfare/index.php/Home/School/leaveMessage
INFO: [ app_init ] --START--
INFO: Run Behavior\BuildLiteBehavior [ RunTime:0.000017s ]
INFO: [ app_init ] --END-- [ RunTime:0.000448s ]
INFO: [ app_begin ] --START--
INFO: Run Behavior\ReadHtmlCacheBehavior [ RunTime:0.000962s ]
INFO: [ app_begin ] --END-- [ RunTime:0.001034s ]
SQL: SHOW COLUMNS FROM `comment` [ RunTime:0.001819s ]
SQL: SHOW COLUMNS FROM `siterelcmnt` [ RunTime:0.001723s ]
SQL: INSERT INTO `comment` (`cmntuid`,`cmntcontent`,`cmntdt`,`recmntid`,`rtcmntid`) VALUES (8,'this is the most beautiful place in the world!','2014-09-21 11:27:30',null,null) [ RunTime:0.000388s ]
SQL: SELECT `cmntid` FROM `comment` WHERE ( cmntdt=2014-09-21 11:27:30 ) LIMIT 1   [ RunTime:0.000126s ]
ERR: 1064:You have an error in your SQL syntax; check the manual that corresponds to your MySQL server version for the right syntax to use near '11:27:30 ) LIMIT 1' at line 1
 [ SQL语句 ] : SELECT `cmntid` FROM `comment` WHERE ( cmntdt=2014-09-21 11:27:30 ) LIMIT 1  
SQL: INSERT INTO `siterelcmnt` (`siteid`,`cmntid`) VALUES (8,null) [ RunTime:0.000131s ]
ERR: 1048:Column 'cmntid' cannot be null
 [ SQL语句 ] : INSERT INTO `siterelcmnt` (`siteid`,`cmntid`) VALUES (8,null)

[ 2014-09-21T11:27:32+08:00 ] 127.0.0.1 /welfare/index.php/Home/School/leaveMessage
INFO: [ app_init ] --START--
INFO: Run Behavior\BuildLiteBehavior [ RunTime:0.000050s ]
INFO: [ app_init ] --END-- [ RunTime:0.000665s ]
INFO: [ app_begin ] --START--
INFO: Run Behavior\ReadHtmlCacheBehavior [ RunTime:0.000795s ]
INFO: [ app_begin ] --END-- [ RunTime:0.000857s ]
SQL: SHOW COLUMNS FROM `comment` [ RunTime:0.001777s ]
SQL: SHOW COLUMNS FROM `siterelcmnt` [ RunTime:0.001775s ]
SQL: INSERT INTO `comment` (`cmntuid`,`cmntcontent`,`cmntdt`,`recmntid`,`rtcmntid`) VALUES (8,'this is the most beautiful place in the world!','2014-09-21 11:27:32',null,null) [ RunTime:0.000436s ]
SQL: SELECT `cmntid` FROM `comment` WHERE ( cmntdt=2014-09-21 11:27:32 ) LIMIT 1   [ RunTime:0.000123s ]
ERR: 1064:You have an error in your SQL syntax; check the manual that corresponds to your MySQL server version for the right syntax to use near '11:27:32 ) LIMIT 1' at line 1
 [ SQL语句 ] : SELECT `cmntid` FROM `comment` WHERE ( cmntdt=2014-09-21 11:27:32 ) LIMIT 1  
SQL: INSERT INTO `siterelcmnt` (`siteid`,`cmntid`) VALUES (8,null) [ RunTime:0.000145s ]
ERR: 1048:Column 'cmntid' cannot be null
 [ SQL语句 ] : INSERT INTO `siterelcmnt` (`siteid`,`cmntid`) VALUES (8,null)

[ 2014-09-21T11:27:32+08:00 ] 127.0.0.1 /welfare/index.php/Home/School/leaveMessage
INFO: [ app_init ] --START--
INFO: Run Behavior\BuildLiteBehavior [ RunTime:0.000016s ]
INFO: [ app_init ] --END-- [ RunTime:0.000449s ]
INFO: [ app_begin ] --START--
INFO: Run Behavior\ReadHtmlCacheBehavior [ RunTime:0.000852s ]
INFO: [ app_begin ] --END-- [ RunTime:0.000916s ]
SQL: SHOW COLUMNS FROM `comment` [ RunTime:0.002070s ]
SQL: SHOW COLUMNS FROM `siterelcmnt` [ RunTime:0.002322s ]
SQL: INSERT INTO `comment` (`cmntuid`,`cmntcontent`,`cmntdt`,`recmntid`,`rtcmntid`) VALUES (8,'this is the most beautiful place in the world!','2014-09-21 11:27:32',null,null) [ RunTime:0.000407s ]
SQL: SELECT `cmntid` FROM `comment` WHERE ( cmntdt=2014-09-21 11:27:32 ) LIMIT 1   [ RunTime:0.000125s ]
ERR: 1064:You have an error in your SQL syntax; check the manual that corresponds to your MySQL server version for the right syntax to use near '11:27:32 ) LIMIT 1' at line 1
 [ SQL语句 ] : SELECT `cmntid` FROM `comment` WHERE ( cmntdt=2014-09-21 11:27:32 ) LIMIT 1  
SQL: INSERT INTO `siterelcmnt` (`siteid`,`cmntid`) VALUES (8,null) [ RunTime:0.000138s ]
ERR: 1048:Column 'cmntid' cannot be null
 [ SQL语句 ] : INSERT INTO `siterelcmnt` (`siteid`,`cmntid`) VALUES (8,null)

[ 2014-09-21T11:27:33+08:00 ] 127.0.0.1 /welfare/index.php/Home/School/leaveMessage
INFO: [ app_init ] --START--
INFO: Run Behavior\BuildLiteBehavior [ RunTime:0.000016s ]
INFO: [ app_init ] --END-- [ RunTime:0.000444s ]
INFO: [ app_begin ] --START--
INFO: Run Behavior\ReadHtmlCacheBehavior [ RunTime:0.000840s ]
INFO: [ app_begin ] --END-- [ RunTime:0.000902s ]
SQL: SHOW COLUMNS FROM `comment` [ RunTime:0.001854s ]
SQL: SHOW COLUMNS FROM `siterelcmnt` [ RunTime:0.002021s ]
SQL: INSERT INTO `comment` (`cmntuid`,`cmntcontent`,`cmntdt`,`recmntid`,`rtcmntid`) VALUES (8,'this is the most beautiful place in the world!','2014-09-21 11:27:33',null,null) [ RunTime:0.000380s ]
SQL: SELECT `cmntid` FROM `comment` WHERE ( cmntdt=2014-09-21 11:27:33 ) LIMIT 1   [ RunTime:0.000131s ]
ERR: 1064:You have an error in your SQL syntax; check the manual that corresponds to your MySQL server version for the right syntax to use near '11:27:33 ) LIMIT 1' at line 1
 [ SQL语句 ] : SELECT `cmntid` FROM `comment` WHERE ( cmntdt=2014-09-21 11:27:33 ) LIMIT 1  
SQL: INSERT INTO `siterelcmnt` (`siteid`,`cmntid`) VALUES (8,null) [ RunTime:0.000133s ]
ERR: 1048:Column 'cmntid' cannot be null
 [ SQL语句 ] : INSERT INTO `siterelcmnt` (`siteid`,`cmntid`) VALUES (8,null)

[ 2014-09-21T11:27:33+08:00 ] 127.0.0.1 /welfare/index.php/Home/School/leaveMessage
INFO: [ app_init ] --START--
INFO: Run Behavior\BuildLiteBehavior [ RunTime:0.000014s ]
INFO: [ app_init ] --END-- [ RunTime:0.000383s ]
INFO: [ app_begin ] --START--
INFO: Run Behavior\ReadHtmlCacheBehavior [ RunTime:0.001072s ]
INFO: [ app_begin ] --END-- [ RunTime:0.001166s ]
SQL: SHOW COLUMNS FROM `comment` [ RunTime:0.002042s ]
SQL: SHOW COLUMNS FROM `siterelcmnt` [ RunTime:0.001854s ]
SQL: INSERT INTO `comment` (`cmntuid`,`cmntcontent`,`cmntdt`,`recmntid`,`rtcmntid`) VALUES (8,'this is the most beautiful place in the world!','2014-09-21 11:27:33',null,null) [ RunTime:0.000509s ]
SQL: SELECT `cmntid` FROM `comment` WHERE ( cmntdt=2014-09-21 11:27:33 ) LIMIT 1   [ RunTime:0.000230s ]
ERR: 1064:You have an error in your SQL syntax; check the manual that corresponds to your MySQL server version for the right syntax to use near '11:27:33 ) LIMIT 1' at line 1
 [ SQL语句 ] : SELECT `cmntid` FROM `comment` WHERE ( cmntdt=2014-09-21 11:27:33 ) LIMIT 1  
SQL: INSERT INTO `siterelcmnt` (`siteid`,`cmntid`) VALUES (8,null) [ RunTime:0.000179s ]
ERR: 1048:Column 'cmntid' cannot be null
 [ SQL语句 ] : INSERT INTO `siterelcmnt` (`siteid`,`cmntid`) VALUES (8,null)

[ 2014-09-21T11:27:34+08:00 ] 127.0.0.1 /welfare/index.php/Home/School/leaveMessage
INFO: [ app_init ] --START--
INFO: Run Behavior\BuildLiteBehavior [ RunTime:0.000018s ]
INFO: [ app_init ] --END-- [ RunTime:0.000471s ]
INFO: [ app_begin ] --START--
INFO: Run Behavior\ReadHtmlCacheBehavior [ RunTime:0.000927s ]
INFO: [ app_begin ] --END-- [ RunTime:0.001011s ]
SQL: SHOW COLUMNS FROM `comment` [ RunTime:0.002004s ]
SQL: SHOW COLUMNS FROM `siterelcmnt` [ RunTime:0.001881s ]
SQL: INSERT INTO `comment` (`cmntuid`,`cmntcontent`,`cmntdt`,`recmntid`,`rtcmntid`) VALUES (8,'this is the most beautiful place in the world!','2014-09-21 11:27:34',null,null) [ RunTime:0.000488s ]
SQL: SELECT `cmntid` FROM `comment` WHERE ( cmntdt=2014-09-21 11:27:34 ) LIMIT 1   [ RunTime:0.000197s ]
ERR: 1064:You have an error in your SQL syntax; check the manual that corresponds to your MySQL server version for the right syntax to use near '11:27:34 ) LIMIT 1' at line 1
 [ SQL语句 ] : SELECT `cmntid` FROM `comment` WHERE ( cmntdt=2014-09-21 11:27:34 ) LIMIT 1  
SQL: INSERT INTO `siterelcmnt` (`siteid`,`cmntid`) VALUES (8,null) [ RunTime:0.000232s ]
ERR: 1048:Column 'cmntid' cannot be null
 [ SQL语句 ] : INSERT INTO `siterelcmnt` (`siteid`,`cmntid`) VALUES (8,null)

[ 2014-09-21T11:32:20+08:00 ] 127.0.0.1 /welfare/index.php/Home/School/leaveMessage
INFO: [ app_init ] --START--
INFO: Run Behavior\BuildLiteBehavior [ RunTime:0.000015s ]
INFO: [ app_init ] --END-- [ RunTime:0.000419s ]
INFO: [ app_begin ] --START--
INFO: Run Behavior\ReadHtmlCacheBehavior [ RunTime:0.000681s ]
INFO: [ app_begin ] --END-- [ RunTime:0.000747s ]

[ 2014-09-21T11:33:19+08:00 ] 127.0.0.1 /welfare/index.php/Home/School/leaveMessage
INFO: [ app_init ] --START--
INFO: Run Behavior\BuildLiteBehavior [ RunTime:0.000016s ]
INFO: [ app_init ] --END-- [ RunTime:0.000400s ]
INFO: [ app_begin ] --START--
INFO: Run Behavior\ReadHtmlCacheBehavior [ RunTime:0.000668s ]
INFO: [ app_begin ] --END-- [ RunTime:0.000736s ]
SQL: SHOW COLUMNS FROM `comment` [ RunTime:0.001863s ]
SQL: SHOW COLUMNS FROM `siterelcmnt` [ RunTime:0.002102s ]
SQL: INSERT INTO `comment` (`cmntuid`,`cmntcontent`,`cmntdt`,`recmntid`,`rtcmntid`) VALUES (8,'this is the most beautiful place in the world!','2014-09-21 11:33:19',null,null) [ RunTime:0.000424s ]
SQL: SELECT `cmntid` FROM `comment` WHERE ( cmntdt=2014-09-21 11:33:19 ) LIMIT 1   [ RunTime:0.000166s ]
ERR: 1064:You have an error in your SQL syntax; check the manual that corresponds to your MySQL server version for the right syntax to use near '11:33:19 ) LIMIT 1' at line 1
 [ SQL语句 ] : SELECT `cmntid` FROM `comment` WHERE ( cmntdt=2014-09-21 11:33:19 ) LIMIT 1  
SQL: INSERT INTO `siterelcmnt` (`siteid`,`cmntid`) VALUES (8,null) [ RunTime:0.000162s ]
ERR: 1048:Column 'cmntid' cannot be null
 [ SQL语句 ] : INSERT INTO `siterelcmnt` (`siteid`,`cmntid`) VALUES (8,null)

[ 2014-09-21T11:38:58+08:00 ] 127.0.0.1 /welfare/index.php/Home/School/leaveMessage
INFO: [ app_init ] --START--
INFO: Run Behavior\BuildLiteBehavior [ RunTime:0.000014s ]
INFO: [ app_init ] --END-- [ RunTime:0.000403s ]
INFO: [ app_begin ] --START--
INFO: Run Behavior\ReadHtmlCacheBehavior [ RunTime:0.000694s ]
INFO: [ app_begin ] --END-- [ RunTime:0.000757s ]
SQL: SHOW COLUMNS FROM `comment` [ RunTime:0.002052s ]
SQL: SHOW COLUMNS FROM `siterelcmnt` [ RunTime:0.002282s ]
SQL: INSERT INTO `comment` (`cmntuid`,`cmntcontent`,`cmntdt`,`recmntid`,`rtcmntid`) VALUES (8,'this is the most beautiful place in the world!','2014-09-21 11:38:58',null,null) [ RunTime:0.000473s ]
SQL: SELECT `cmntid` FROM `comment` WHERE ( cmntdt=2014-09-21 11:38:58 ) LIMIT 1   [ RunTime:0.000182s ]
ERR: 1064:You have an error in your SQL syntax; check the manual that corresponds to your MySQL server version for the right syntax to use near '11:38:58 ) LIMIT 1' at line 1
 [ SQL语句 ] : SELECT `cmntid` FROM `comment` WHERE ( cmntdt=2014-09-21 11:38:58 ) LIMIT 1  

[ 2014-09-21T16:10:30+08:00 ] 127.0.0.1 /welfare/index.php/Home/School/leaveMessage
INFO: [ app_init ] --START--
INFO: Run Behavior\BuildLiteBehavior [ RunTime:0.000019s ]
INFO: [ app_init ] --END-- [ RunTime:0.012067s ]
INFO: [ app_begin ] --START--
INFO: Run Behavior\ReadHtmlCacheBehavior [ RunTime:0.000875s ]
INFO: [ app_begin ] --END-- [ RunTime:0.000942s ]
SQL: SHOW COLUMNS FROM `comment` [ RunTime:0.020992s ]
SQL: SHOW COLUMNS FROM `siterelcmnt` [ RunTime:0.015714s ]
SQL: INSERT INTO `comment` (`cmntuid`,`cmntcontent`,`cmntdt`,`recmntid`,`rtcmntid`) VALUES (null,'this is the most beautiful place in the world!','2014-09-21 16:10:30',null,null) [ RunTime:0.019637s ]
ERR: 1048:Column 'cmntuid' cannot be null
 [ SQL语句 ] : INSERT INTO `comment` (`cmntuid`,`cmntcontent`,`cmntdt`,`recmntid`,`rtcmntid`) VALUES (null,'this is the most beautiful place in the world!','2014-09-21 16:10:30',null,null)
SQL: SELECT `cmntid` FROM `comment` WHERE ( cmntdt=2014-09-21 16:10:30 ) LIMIT 1   [ RunTime:0.004764s ]
ERR: 1064:You have an error in your SQL syntax; check the manual that corresponds to your MySQL server version for the right syntax to use near '16:10:30 ) LIMIT 1' at line 1
 [ SQL语句 ] : SELECT `cmntid` FROM `comment` WHERE ( cmntdt=2014-09-21 16:10:30 ) LIMIT 1  

[ 2014-09-21T16:16:52+08:00 ] 127.0.0.1 /welfare/index.php/Home/School/leaveMessage
INFO: [ app_init ] --START--
INFO: Run Behavior\BuildLiteBehavior [ RunTime:0.000028s ]
INFO: [ app_init ] --END-- [ RunTime:0.000862s ]
INFO: [ app_begin ] --START--
INFO: Run Behavior\ReadHtmlCacheBehavior [ RunTime:0.001472s ]
INFO: [ app_begin ] --END-- [ RunTime:0.001592s ]
SQL: SHOW COLUMNS FROM `comment` [ RunTime:0.003406s ]
SQL: SHOW COLUMNS FROM `siterelcmnt` [ RunTime:0.003649s ]
SQL: INSERT INTO `comment` (`cmntuid`,`cmntcontent`,`cmntdt`,`recmntid`,`rtcmntid`) VALUES (null,'this is the most beautiful place in the world!','2014-09-21 16:16:52',null,null) [ RunTime:0.000725s ]
ERR: 1048:Column 'cmntuid' cannot be null
 [ SQL语句 ] : INSERT INTO `comment` (`cmntuid`,`cmntcontent`,`cmntdt`,`recmntid`,`rtcmntid`) VALUES (null,'this is the most beautiful place in the world!','2014-09-21 16:16:52',null,null)
SQL: SELECT `cmntcontent` FROM `comment` WHERE ( cmntid=8 ) LIMIT 1   [ RunTime:0.000438s ]

[ 2014-09-21T16:20:15+08:00 ] 127.0.0.1 /welfare/index.php/Home/School/leaveMessage
INFO: [ app_init ] --START--
INFO: Run Behavior\BuildLiteBehavior [ RunTime:0.000033s ]
INFO: [ app_init ] --END-- [ RunTime:0.000730s ]
INFO: [ app_begin ] --START--
INFO: Run Behavior\ReadHtmlCacheBehavior [ RunTime:0.001194s ]
INFO: [ app_begin ] --END-- [ RunTime:0.001308s ]
SQL: SHOW COLUMNS FROM `comment` [ RunTime:0.003304s ]
SQL: SHOW COLUMNS FROM `siterelcmnt` [ RunTime:0.003285s ]
SQL: INSERT INTO `comment` (`cmntid`,`cmntuid`,`cmntcontent`,`cmntdt`,`recmntid`,`rtcmntid`) VALUES (null,null,'this is the most beautiful place in the world!','2014-09-21 16:20:15',null,null) [ RunTime:0.000650s ]
ERR: 1048:Column 'cmntuid' cannot be null
 [ SQL语句 ] : INSERT INTO `comment` (`cmntid`,`cmntuid`,`cmntcontent`,`cmntdt`,`recmntid`,`rtcmntid`) VALUES (null,null,'this is the most beautiful place in the world!','2014-09-21 16:20:15',null,null)
SQL: SELECT `cmntid` FROM `comment` WHERE ( cmntdt=2014-09-21 16:20:15 ) LIMIT 1   [ RunTime:0.000299s ]
ERR: 1064:You have an error in your SQL syntax; check the manual that corresponds to your MySQL server version for the right syntax to use near '16:20:15 ) LIMIT 1' at line 1
 [ SQL语句 ] : SELECT `cmntid` FROM `comment` WHERE ( cmntdt=2014-09-21 16:20:15 ) LIMIT 1  
NOTIC: [8] Undefined variable: result D:\Program Files (x86)\wamp\www\welfare\Home\Controller\SchoolController.class.php 第 296 行.

[ 2014-09-21T16:21:32+08:00 ] 127.0.0.1 /welfare/index.php/Home/School/leaveMessage
INFO: [ app_init ] --START--
INFO: Run Behavior\BuildLiteBehavior [ RunTime:0.000026s ]
INFO: [ app_init ] --END-- [ RunTime:0.000674s ]
INFO: [ app_begin ] --START--
INFO: Run Behavior\ReadHtmlCacheBehavior [ RunTime:0.001302s ]
INFO: [ app_begin ] --END-- [ RunTime:0.001411s ]
SQL: SHOW COLUMNS FROM `comment` [ RunTime:0.002144s ]
SQL: SHOW COLUMNS FROM `siterelcmnt` [ RunTime:0.001998s ]
SQL: INSERT INTO `comment` (`cmntuid`,`cmntcontent`,`cmntdt`,`recmntid`,`rtcmntid`) VALUES (null,'this is the most beautiful place in the world!','2014-09-21 16:21:32',null,null) [ RunTime:0.000380s ]
ERR: 1048:Column 'cmntuid' cannot be null
 [ SQL语句 ] : INSERT INTO `comment` (`cmntuid`,`cmntcontent`,`cmntdt`,`recmntid`,`rtcmntid`) VALUES (null,'this is the most beautiful place in the world!','2014-09-21 16:21:32',null,null)
SQL: SELECT `cmntid` FROM `comment` WHERE ( cmntdt=2014-09-21 16:21:32 ) LIMIT 1   [ RunTime:0.000177s ]
ERR: 1064:You have an error in your SQL syntax; check the manual that corresponds to your MySQL server version for the right syntax to use near '16:21:32 ) LIMIT 1' at line 1
 [ SQL语句 ] : SELECT `cmntid` FROM `comment` WHERE ( cmntdt=2014-09-21 16:21:32 ) LIMIT 1  
NOTIC: [8] Undefined variable: result D:\Program Files (x86)\wamp\www\welfare\Home\Controller\SchoolController.class.php 第 298 行.

[ 2014-09-21T17:10:07+08:00 ] 127.0.0.1 /welfare/index.php/Home/School/leaveMessage
INFO: [ app_init ] --START--
INFO: Run Behavior\BuildLiteBehavior [ RunTime:0.000027s ]
INFO: [ app_init ] --END-- [ RunTime:0.000946s ]
INFO: [ app_begin ] --START--
INFO: Run Behavior\ReadHtmlCacheBehavior [ RunTime:0.001114s ]
INFO: [ app_begin ] --END-- [ RunTime:0.001220s ]
SQL: SHOW COLUMNS FROM `comment` [ RunTime:0.005533s ]
SQL: SHOW COLUMNS FROM `siterelcmnt` [ RunTime:0.005703s ]
SQL: INSERT INTO `comment` (`cmntid`,`cmntuid`,`cmntcontent`,`cmntdt`,`recmntid`,`rtcmntid`) VALUES (null,null,'this is the most beautiful place in the world!','2014-09-21 17:10:07',null,null) [ RunTime:0.001806s ]
ERR: 1048:Column 'cmntuid' cannot be null
 [ SQL语句 ] : INSERT INTO `comment` (`cmntid`,`cmntuid`,`cmntcontent`,`cmntdt`,`recmntid`,`rtcmntid`) VALUES (null,null,'this is the most beautiful place in the world!','2014-09-21 17:10:07',null,null)

[ 2014-09-21T17:12:05+08:00 ] 127.0.0.1 /welfare/index.php/Home/School/leaveMessage
INFO: [ app_init ] --START--
INFO: Run Behavior\BuildLiteBehavior [ RunTime:0.000025s ]
INFO: [ app_init ] --END-- [ RunTime:0.000644s ]
INFO: [ app_begin ] --START--
INFO: Run Behavior\ReadHtmlCacheBehavior [ RunTime:0.001122s ]
INFO: [ app_begin ] --END-- [ RunTime:0.001224s ]
SQL: SHOW COLUMNS FROM `comment` [ RunTime:0.002992s ]
SQL: SHOW COLUMNS FROM `siterelcmnt` [ RunTime:0.003012s ]
SQL: INSERT INTO `comment` (`cmntuid`,`cmntcontent`,`cmntdt`,`recmntid`,`rtcmntid`) VALUES (null,'this is the most beautiful place in the world!','2014-09-21 17:12:05',null,null) [ RunTime:0.000590s ]
ERR: 1048:Column 'cmntuid' cannot be null
 [ SQL语句 ] : INSERT INTO `comment` (`cmntuid`,`cmntcontent`,`cmntdt`,`recmntid`,`rtcmntid`) VALUES (null,'this is the most beautiful place in the world!','2014-09-21 17:12:05',null,null)

[ 2014-09-21T17:13:22+08:00 ] 127.0.0.1 /welfare/index.php/Home/School/leaveMessage
INFO: [ app_init ] --START--
INFO: Run Behavior\BuildLiteBehavior [ RunTime:0.000025s ]
INFO: [ app_init ] --END-- [ RunTime:0.000727s ]
INFO: [ app_begin ] --START--
INFO: Run Behavior\ReadHtmlCacheBehavior [ RunTime:0.001501s ]
INFO: [ app_begin ] --END-- [ RunTime:0.001609s ]
SQL: SHOW COLUMNS FROM `comment` [ RunTime:0.002036s ]
SQL: SHOW COLUMNS FROM `siterelcmnt` [ RunTime:0.001852s ]
SQL: INSERT INTO `comment` (`cmntuid`,`cmntcontent`,`cmntdt`,`recmntid`,`rtcmntid`) VALUES (null,'this is the most beautiful place in the world!','2014-09-21 17:13:22',null,null) [ RunTime:0.000348s ]
ERR: 1048:Column 'cmntuid' cannot be null
 [ SQL语句 ] : INSERT INTO `comment` (`cmntuid`,`cmntcontent`,`cmntdt`,`recmntid`,`rtcmntid`) VALUES (null,'this is the most beautiful place in the world!','2014-09-21 17:13:22',null,null)
SQL: SELECT `cmntid` FROM `comment` WHERE ( cmntdt=2014-09-21 17:13:22 ) LIMIT 1   [ RunTime:0.000186s ]
ERR: 1064:You have an error in your SQL syntax; check the manual that corresponds to your MySQL server version for the right syntax to use near '17:13:22 ) LIMIT 1' at line 1
 [ SQL语句 ] : SELECT `cmntid` FROM `comment` WHERE ( cmntdt=2014-09-21 17:13:22 ) LIMIT 1  
NOTIC: [8] Undefined variable: result D:\Program Files (x86)\wamp\www\welfare\Home\Controller\SchoolController.class.php 第 303 行.

[ 2014-09-21T17:14:07+08:00 ] 127.0.0.1 /welfare/index.php/Home/School/leaveMessage
INFO: [ app_init ] --START--
INFO: Run Behavior\BuildLiteBehavior [ RunTime:0.000026s ]
INFO: [ app_init ] --END-- [ RunTime:0.000841s ]
INFO: [ app_begin ] --START--
INFO: Run Behavior\ReadHtmlCacheBehavior [ RunTime:0.001444s ]
INFO: [ app_begin ] --END-- [ RunTime:0.001571s ]
SQL: SHOW COLUMNS FROM `comment` [ RunTime:0.003897s ]
SQL: SHOW COLUMNS FROM `siterelcmnt` [ RunTime:0.003458s ]
SQL: INSERT INTO `comment` (`cmntid`,`cmntuid`,`cmntcontent`,`cmntdt`,`recmntid`,`rtcmntid`) VALUES (100,null,'this is the most beautiful place in the world!','2014-09-21 17:14:07',null,null) [ RunTime:0.000746s ]
ERR: 1048:Column 'cmntuid' cannot be null
 [ SQL语句 ] : INSERT INTO `comment` (`cmntid`,`cmntuid`,`cmntcontent`,`cmntdt`,`recmntid`,`rtcmntid`) VALUES (100,null,'this is the most beautiful place in the world!','2014-09-21 17:14:07',null,null)
SQL: SELECT `cmntid` FROM `comment` WHERE ( cmntdt=2014-09-21 17:14:07 ) LIMIT 1   [ RunTime:0.000272s ]
ERR: 1064:You have an error in your SQL syntax; check the manual that corresponds to your MySQL server version for the right syntax to use near '17:14:07 ) LIMIT 1' at line 1
 [ SQL语句 ] : SELECT `cmntid` FROM `comment` WHERE ( cmntdt=2014-09-21 17:14:07 ) LIMIT 1  
NOTIC: [8] Undefined variable: result D:\Program Files (x86)\wamp\www\welfare\Home\Controller\SchoolController.class.php 第 303 行.

[ 2014-09-21T17:16:29+08:00 ] 127.0.0.1 /welfare/index.php/Home/HomePage
INFO: [ app_init ] --START--
INFO: Run Behavior\BuildLiteBehavior [ RunTime:0.000014s ]
INFO: [ app_init ] --END-- [ RunTime:0.000393s ]
INFO: [ app_begin ] --START--
INFO: Run Behavior\ReadHtmlCacheBehavior [ RunTime:0.000659s ]
INFO: [ app_begin ] --END-- [ RunTime:0.000721s ]
INFO: [ view_parse ] --START--
INFO: [ template_filter ] --START--
INFO: Run Behavior\ContentReplaceBehavior [ RunTime:0.000278s ]
INFO: [ template_filter ] --END-- [ RunTime:0.000468s ]
INFO: Run Behavior\ParseTemplateBehavior [ RunTime:0.102468s ]
INFO: [ view_parse ] --END-- [ RunTime:0.102654s ]
INFO: [ view_filter ] --START--
INFO: Run Behavior\WriteHtmlCacheBehavior [ RunTime:0.014361s ]
INFO: [ view_filter ] --END-- [ RunTime:0.014599s ]
INFO: [ app_end ] --START--
INFO: Run Behavior\ShowPageTraceBehavior [ RunTime:0.010557s ]
INFO: [ app_end ] --END-- [ RunTime:0.010746s ]

[ 2014-09-21T17:16:29+08:00 ] 127.0.0.1 /welfare/index.php/Home/MainNavigation/verify
INFO: [ app_init ] --START--
INFO: Run Behavior\BuildLiteBehavior [ RunTime:0.000080s ]
INFO: [ app_init ] --END-- [ RunTime:0.001540s ]
INFO: [ app_begin ] --START--
INFO: Run Behavior\ReadHtmlCacheBehavior [ RunTime:0.000989s ]
INFO: [ app_begin ] --END-- [ RunTime:0.001144s ]
INFO: [ app_end ] --START--
INFO: Run Behavior\ShowPageTraceBehavior [ RunTime:0.002617s ]
INFO: [ app_end ] --END-- [ RunTime:0.002852s ]

[ 2014-09-21T17:16:50+08:00 ] 127.0.0.1 /welfare/index.php/Home/MainNavigation/login
INFO: [ app_init ] --START--
INFO: Run Behavior\BuildLiteBehavior [ RunTime:0.000041s ]
INFO: [ app_init ] --END-- [ RunTime:0.001220s ]
INFO: [ app_begin ] --START--
INFO: Run Behavior\ReadHtmlCacheBehavior [ RunTime:0.001613s ]
INFO: [ app_begin ] --END-- [ RunTime:0.001752s ]
NOTIC: [8] A session had already been started - ignoring session_start() D:\Program Files (x86)\wamp\www\welfare\Home\Controller\MainNavigationController.class.php 第 42 行.
SQL: SHOW COLUMNS FROM `user` [ RunTime:0.003661s ]
SQL: SHOW COLUMNS FROM `message` [ RunTime:0.003799s ]
SQL: SHOW COLUMNS FROM `image` [ RunTime:0.003616s ]
SQL: SELECT `uid`,`uicon` FROM `user` WHERE ( `uname` = 'heheng' ) AND ( `password` = 'e10adc3949ba59abbe56e057f20f883e' ) LIMIT 1   [ RunTime:0.153082s ]
SQL: SELECT * FROM `image` WHERE ( iid=1 ) LIMIT 1   [ RunTime:0.000731s ]
SQL: SELECT * FROM `message` WHERE ( `msgrecvuid` = 8 ) AND ( `msgstate` = 0 )  [ RunTime:0.000680s ]

[ 2014-09-21T17:16:58+08:00 ] 127.0.0.1 /welfare/index.php/Home/School/leaveMessage
INFO: [ app_init ] --START--
INFO: Run Behavior\BuildLiteBehavior [ RunTime:0.000014s ]
INFO: [ app_init ] --END-- [ RunTime:0.000473s ]
INFO: [ app_begin ] --START--
INFO: Run Behavior\ReadHtmlCacheBehavior [ RunTime:0.000861s ]
INFO: [ app_begin ] --END-- [ RunTime:0.000924s ]
SQL: SHOW COLUMNS FROM `comment` [ RunTime:0.001842s ]
SQL: SHOW COLUMNS FROM `siterelcmnt` [ RunTime:0.001768s ]
SQL: INSERT INTO `comment` (`cmntid`,`cmntuid`,`cmntcontent`,`cmntdt`,`recmntid`,`rtcmntid`) VALUES (100,8,'this is the most beautiful place in the world!','2014-09-21 17:16:58',null,null) [ RunTime:0.000549s ]
SQL: SELECT `cmntid` FROM `comment` WHERE ( cmntdt=2014-09-21 17:16:58 ) LIMIT 1   [ RunTime:0.000172s ]
ERR: 1064:You have an error in your SQL syntax; check the manual that corresponds to your MySQL server version for the right syntax to use near '17:16:58 ) LIMIT 1' at line 1
 [ SQL语句 ] : SELECT `cmntid` FROM `comment` WHERE ( cmntdt=2014-09-21 17:16:58 ) LIMIT 1  
NOTIC: [8] Undefined variable: result D:\Program Files (x86)\wamp\www\welfare\Home\Controller\SchoolController.class.php 第 296 行.

[ 2014-09-21T17:23:11+08:00 ] 127.0.0.1 /welfare/index.php/Home/School/leaveMessage
INFO: [ app_init ] --START--
INFO: Run Behavior\BuildLiteBehavior [ RunTime:0.000043s ]
INFO: [ app_init ] --END-- [ RunTime:0.001388s ]
INFO: [ app_begin ] --START--
INFO: Run Behavior\ReadHtmlCacheBehavior [ RunTime:0.001237s ]
INFO: [ app_begin ] --END-- [ RunTime:0.001350s ]
SQL: SHOW COLUMNS FROM `comment` [ RunTime:0.002988s ]
SQL: SHOW COLUMNS FROM `siterelcmnt` [ RunTime:0.003442s ]
SQL: INSERT INTO `comment` (`cmntid`,`cmntuid`,`cmntcontent`,`cmntdt`,`recmntid`,`rtcmntid`) VALUES (null,8,'this is the most beautiful place in the world!','2014-09-21 17:23:11',null,null) [ RunTime:0.000808s ]
SQL: SELECT `cmntid` FROM `comment` WHERE ( cmntdt=2014-09-21 17:23:11 ) LIMIT 1   [ RunTime:0.000248s ]
ERR: 1064:You have an error in your SQL syntax; check the manual that corresponds to your MySQL server version for the right syntax to use near '17:23:11 ) LIMIT 1' at line 1
 [ SQL语句 ] : SELECT `cmntid` FROM `comment` WHERE ( cmntdt=2014-09-21 17:23:11 ) LIMIT 1  
NOTIC: [8] Undefined variable: result D:\Program Files (x86)\wamp\www\welfare\Home\Controller\SchoolController.class.php 第 296 行.

[ 2014-09-21T17:29:41+08:00 ] 127.0.0.1 /welfare/index.php/Home/School/leaveMessage
INFO: [ app_init ] --START--
INFO: Run Behavior\BuildLiteBehavior [ RunTime:0.000042s ]
INFO: [ app_init ] --END-- [ RunTime:0.001246s ]
INFO: [ app_begin ] --START--
INFO: Run Behavior\ReadHtmlCacheBehavior [ RunTime:0.002133s ]
INFO: [ app_begin ] --END-- [ RunTime:0.002331s ]
SQL: SHOW COLUMNS FROM `comment` [ RunTime:0.003459s ]
SQL: SHOW COLUMNS FROM `siterelcmnt` [ RunTime:0.003044s ]
SQL: SELECT `cmntid` FROM `comment` WHERE ( cmntdt=2014-09-21 17:29:41 ) LIMIT 1   [ RunTime:0.000525s ]
ERR: 1064:You have an error in your SQL syntax; check the manual that corresponds to your MySQL server version for the right syntax to use near '17:29:41 ) LIMIT 1' at line 1
 [ SQL语句 ] : SELECT `cmntid` FROM `comment` WHERE ( cmntdt=2014-09-21 17:29:41 ) LIMIT 1  
NOTIC: [8] Undefined variable: result D:\Program Files (x86)\wamp\www\welfare\Home\Controller\SchoolController.class.php 第 298 行.

[ 2014-09-21T17:34:39+08:00 ] 127.0.0.1 /welfare/index.php/Home/School/leaveMessage
INFO: [ app_init ] --START--
INFO: Run Behavior\BuildLiteBehavior [ RunTime:0.000014s ]
INFO: [ app_init ] --END-- [ RunTime:0.000390s ]
INFO: [ app_begin ] --START--
INFO: Run Behavior\ReadHtmlCacheBehavior [ RunTime:0.000710s ]
INFO: [ app_begin ] --END-- [ RunTime:0.000777s ]
SQL: SHOW COLUMNS FROM `comment` [ RunTime:0.001837s ]
SQL: SHOW COLUMNS FROM `siterelcmnt` [ RunTime:0.005268s ]
SQL: SELECT * FROM `comment` WHERE ( `cmntid` = 10 ) LIMIT 1   [ RunTime:0.000708s ]

[ 2014-09-21T17:34:52+08:00 ] 127.0.0.1 /welfare/index.php/Home/School/leaveMessage
INFO: [ app_init ] --START--
INFO: Run Behavior\BuildLiteBehavior [ RunTime:0.000017s ]
INFO: [ app_init ] --END-- [ RunTime:0.000530s ]
INFO: [ app_begin ] --START--
INFO: Run Behavior\ReadHtmlCacheBehavior [ RunTime:0.000845s ]
INFO: [ app_begin ] --END-- [ RunTime:0.000924s ]
SQL: SHOW COLUMNS FROM `comment` [ RunTime:0.001980s ]
SQL: SHOW COLUMNS FROM `siterelcmnt` [ RunTime:0.001979s ]
SQL: SELECT * FROM `comment` WHERE ( `cmntid` = 10 ) LIMIT 1   [ RunTime:0.000230s ]

[ 2014-09-21T17:35:23+08:00 ] 127.0.0.1 /welfare/index.php/Home/School/leaveMessage
INFO: [ app_init ] --START--
INFO: Run Behavior\BuildLiteBehavior [ RunTime:0.000021s ]
INFO: [ app_init ] --END-- [ RunTime:0.000503s ]
INFO: [ app_begin ] --START--
INFO: Run Behavior\ReadHtmlCacheBehavior [ RunTime:0.000817s ]
INFO: [ app_begin ] --END-- [ RunTime:0.000903s ]
SQL: SHOW COLUMNS FROM `comment` [ RunTime:0.002047s ]
SQL: SHOW COLUMNS FROM `siterelcmnt` [ RunTime:0.001828s ]
SQL: SELECT * FROM `comment` WHERE ( cmntid=10 ) LIMIT 1   [ RunTime:0.000421s ]

[ 2014-09-21T17:35:26+08:00 ] 127.0.0.1 /welfare/index.php/Home/School/leaveMessage
INFO: [ app_init ] --START--
INFO: Run Behavior\BuildLiteBehavior [ RunTime:0.000015s ]
INFO: [ app_init ] --END-- [ RunTime:0.000354s ]
INFO: [ app_begin ] --START--
INFO: Run Behavior\ReadHtmlCacheBehavior [ RunTime:0.000488s ]
INFO: [ app_begin ] --END-- [ RunTime:0.000547s ]
SQL: SHOW COLUMNS FROM `comment` [ RunTime:0.001811s ]
SQL: SHOW COLUMNS FROM `siterelcmnt` [ RunTime:0.001730s ]
SQL: SELECT * FROM `comment` WHERE ( cmntid=10 ) LIMIT 1   [ RunTime:0.000483s ]

[ 2014-09-21T17:36:03+08:00 ] 127.0.0.1 /welfare/index.php/Home/School/leaveMessage
INFO: [ app_init ] --START--
INFO: Run Behavior\BuildLiteBehavior [ RunTime:0.000014s ]
INFO: [ app_init ] --END-- [ RunTime:0.000386s ]
INFO: [ app_begin ] --START--
INFO: Run Behavior\ReadHtmlCacheBehavior [ RunTime:0.000700s ]
INFO: [ app_begin ] --END-- [ RunTime:0.000762s ]
SQL: SHOW COLUMNS FROM `comment` [ RunTime:0.001872s ]
SQL: SHOW COLUMNS FROM `siterelcmnt` [ RunTime:0.001778s ]
SQL: SELECT * FROM `comment` WHERE ( cmntid=8 ) LIMIT 1   [ RunTime:0.000573s ]

[ 2014-09-21T17:36:04+08:00 ] 127.0.0.1 /welfare/index.php/Home/School/leaveMessage
INFO: [ app_init ] --START--
INFO: Run Behavior\BuildLiteBehavior [ RunTime:0.000025s ]
INFO: [ app_init ] --END-- [ RunTime:0.000679s ]
INFO: [ app_begin ] --START--
INFO: Run Behavior\ReadHtmlCacheBehavior [ RunTime:0.001155s ]
INFO: [ app_begin ] --END-- [ RunTime:0.001272s ]
SQL: SHOW COLUMNS FROM `comment` [ RunTime:0.001785s ]
SQL: SHOW COLUMNS FROM `siterelcmnt` [ RunTime:0.001750s ]
SQL: SELECT * FROM `comment` WHERE ( cmntid=8 ) LIMIT 1   [ RunTime:0.000439s ]

[ 2014-09-21T17:36:25+08:00 ] 127.0.0.1 /welfare/index.php/Home/School/leaveMessage
INFO: [ app_init ] --START--
INFO: Run Behavior\BuildLiteBehavior [ RunTime:0.000022s ]
INFO: [ app_init ] --END-- [ RunTime:0.000573s ]
INFO: [ app_begin ] --START--
INFO: Run Behavior\ReadHtmlCacheBehavior [ RunTime:0.000775s ]
INFO: [ app_begin ] --END-- [ RunTime:0.000863s ]
SQL: SHOW COLUMNS FROM `comment` [ RunTime:0.001961s ]
SQL: SHOW COLUMNS FROM `siterelcmnt` [ RunTime:0.001995s ]
SQL: SELECT * FROM `comment` WHERE ( cmntid=8 ) LIMIT 1   [ RunTime:0.000485s ]

[ 2014-09-21T17:36:51+08:00 ] 127.0.0.1 /welfare/index.php/Home/School/leaveMessage
INFO: [ app_init ] --START--
INFO: Run Behavior\BuildLiteBehavior [ RunTime:0.000016s ]
INFO: [ app_init ] --END-- [ RunTime:0.000425s ]
INFO: [ app_begin ] --START--
INFO: Run Behavior\ReadHtmlCacheBehavior [ RunTime:0.000623s ]
INFO: [ app_begin ] --END-- [ RunTime:0.000685s ]
SQL: SHOW COLUMNS FROM `comment` [ RunTime:0.001975s ]
SQL: SHOW COLUMNS FROM `siterelcmnt` [ RunTime:0.001927s ]
SQL: SELECT * FROM `comment` WHERE ( `cmntid` = 10 ) LIMIT 1   [ RunTime:0.000187s ]

[ 2014-09-21T17:38:33+08:00 ] 127.0.0.1 /welfare/index.php/Home/School/leaveMessage
INFO: [ app_init ] --START--
INFO: Run Behavior\BuildLiteBehavior [ RunTime:0.000024s ]
INFO: [ app_init ] --END-- [ RunTime:0.000714s ]
INFO: [ app_begin ] --START--
INFO: Run Behavior\ReadHtmlCacheBehavior [ RunTime:0.001160s ]
INFO: [ app_begin ] --END-- [ RunTime:0.001269s ]
SQL: SHOW COLUMNS FROM `comment` [ RunTime:0.001944s ]
SQL: SHOW COLUMNS FROM `siterelcmnt` [ RunTime:0.001932s ]
SQL: SELECT * FROM `comment` WHERE ( `cmntdt` = '2014-09-21 17:38:33' ) LIMIT 1   [ RunTime:0.023164s ]
NOTIC: [8] Undefined variable: cmntid D:\Program Files (x86)\wamp\www\welfare\Home\Controller\SchoolController.class.php 第 298 行.

[ 2014-09-21T17:39:19+08:00 ] 127.0.0.1 /welfare/index.php/Home/School/leaveMessage
INFO: [ app_init ] --START--
INFO: Run Behavior\BuildLiteBehavior [ RunTime:0.000015s ]
INFO: [ app_init ] --END-- [ RunTime:0.000359s ]
INFO: [ app_begin ] --START--
INFO: Run Behavior\ReadHtmlCacheBehavior [ RunTime:0.000500s ]
INFO: [ app_begin ] --END-- [ RunTime:0.000561s ]
SQL: SHOW COLUMNS FROM `comment` [ RunTime:0.001920s ]
SQL: SHOW COLUMNS FROM `siterelcmnt` [ RunTime:0.001841s ]
SQL: INSERT INTO `comment` (`cmntid`,`cmntuid`,`cmntcontent`,`cmntdt`,`recmntid`,`rtcmntid`) VALUES (null,8,'this is the most beautiful place in the world!','2014-09-21 17:39:19',null,null) [ RunTime:0.000447s ]
SQL: SELECT * FROM `comment` WHERE ( `cmntdt` = '2014-09-21 17:39:19' ) LIMIT 1   [ RunTime:0.000206s ]
NOTIC: [8] Undefined variable: cmntid D:\Program Files (x86)\wamp\www\welfare\Home\Controller\SchoolController.class.php 第 298 行.

[ 2014-09-21T17:43:55+08:00 ] 127.0.0.1 /welfare/index.php/Home/School/leaveMessage
INFO: [ app_init ] --START--
INFO: Run Behavior\BuildLiteBehavior [ RunTime:0.000014s ]
INFO: [ app_init ] --END-- [ RunTime:0.000455s ]
INFO: [ app_begin ] --START--
INFO: Run Behavior\ReadHtmlCacheBehavior [ RunTime:0.000831s ]
INFO: [ app_begin ] --END-- [ RunTime:0.000894s ]

[ 2014-09-21T17:44:34+08:00 ] 127.0.0.1 /welfare/index.php/Home/School/leaveMessage
INFO: [ app_init ] --START--
INFO: Run Behavior\BuildLiteBehavior [ RunTime:0.000020s ]
INFO: [ app_init ] --END-- [ RunTime:0.000531s ]
INFO: [ app_begin ] --START--
INFO: Run Behavior\ReadHtmlCacheBehavior [ RunTime:0.000998s ]
INFO: [ app_begin ] --END-- [ RunTime:0.001086s ]
SQL: SHOW COLUMNS FROM `comment` [ RunTime:0.002913s ]
SQL: SHOW COLUMNS FROM `siterelcmnt` [ RunTime:0.002399s ]
SQL: INSERT INTO `comment` (`cmntid`,`cmntuid`,`cmntcontent`,`cmntdt`,`recmntid`,`rtcmntid`) VALUES (null,8,'this is the most beautiful place in the world!','2014-09-21 17:44:34',null,null) [ RunTime:0.000556s ]
SQL: SELECT * FROM `comment` WHERE ( `cmntdt` = '2014-09-21 17:44:34' ) LIMIT 1   [ RunTime:0.000313s ]

[ 2014-09-21T17:46:03+08:00 ] 127.0.0.1 /welfare/index.php/Home/School/leaveMessage
INFO: [ app_init ] --START--
INFO: Run Behavior\BuildLiteBehavior [ RunTime:0.000014s ]
INFO: [ app_init ] --END-- [ RunTime:0.000393s ]
INFO: [ app_begin ] --START--
INFO: Run Behavior\ReadHtmlCacheBehavior [ RunTime:0.000656s ]
INFO: [ app_begin ] --END-- [ RunTime:0.000720s ]
SQL: SHOW COLUMNS FROM `comment` [ RunTime:0.002245s ]
SQL: SHOW COLUMNS FROM `siterelcmnt` [ RunTime:0.001820s ]
SQL: INSERT INTO `comment` (`cmntid`,`cmntuid`,`cmntcontent`,`cmntdt`,`recmntid`,`rtcmntid`) VALUES (null,8,'this is the most beautiful place in the world!','2014-09-21 17:46:03',null,null) [ RunTime:0.000412s ]
SQL: SELECT `cmntid` FROM `comment` WHERE ( `cmntdt` = '2014-09-21 17:46:03' ) LIMIT 1   [ RunTime:0.000209s ]

[ 2014-09-21T17:54:46+08:00 ] 127.0.0.1 /welfare/index.php/Home/School/leaveMessage
INFO: [ app_init ] --START--
INFO: Run Behavior\BuildLiteBehavior [ RunTime:0.000014s ]
INFO: [ app_init ] --END-- [ RunTime:0.000393s ]
INFO: [ app_begin ] --START--
INFO: Run Behavior\ReadHtmlCacheBehavior [ RunTime:0.000687s ]
INFO: [ app_begin ] --END-- [ RunTime:0.000751s ]
SQL: SHOW COLUMNS FROM `comment` [ RunTime:0.001910s ]
SQL: SHOW COLUMNS FROM `siterelcmnt` [ RunTime:0.001703s ]
SQL: INSERT INTO `comment` (`cmntid`,`cmntuid`,`cmntcontent`,`cmntdt`,`recmntid`,`rtcmntid`) VALUES (null,8,'this is the most beautiful place in the world!','2014-09-21 17:54:46',null,null) [ RunTime:0.000443s ]
SQL: SELECT `cmntid` FROM `comment` WHERE ( `cmntdt` = '2014-09-21 17:54:46' ) LIMIT 1   [ RunTime:0.000214s ]
SQL: INSERT INTO `siterelcmnt` (`siteid`,`cmntid`) VALUES (8,105) [ RunTime:0.000313s ]

[ 2014-09-21T18:03:48+08:00 ] 127.0.0.1 /welfare/index.php/Home/School/comment
INFO: [ app_init ] --START--
INFO: Run Behavior\BuildLiteBehavior [ RunTime:0.000027s ]
INFO: [ app_init ] --END-- [ RunTime:0.000793s ]
INFO: [ app_begin ] --START--
INFO: Run Behavior\ReadHtmlCacheBehavior [ RunTime:0.001201s ]
INFO: [ app_begin ] --END-- [ RunTime:0.001321s ]

[ 2014-09-21T18:06:38+08:00 ] 127.0.0.1 /welfare/index.php/Home/School/comment
INFO: [ app_init ] --START--
INFO: Run Behavior\BuildLiteBehavior [ RunTime:0.000019s ]
INFO: [ app_init ] --END-- [ RunTime:0.000547s ]
INFO: [ app_begin ] --START--
INFO: Run Behavior\ReadHtmlCacheBehavior [ RunTime:0.000878s ]
INFO: [ app_begin ] --END-- [ RunTime:0.000962s ]

[ 2014-09-21T18:10:44+08:00 ] 127.0.0.1 /welfare/index.php/Home/School/comment
INFO: [ app_init ] --START--
INFO: Run Behavior\BuildLiteBehavior [ RunTime:0.000016s ]
INFO: [ app_init ] --END-- [ RunTime:0.000404s ]
INFO: [ app_begin ] --START--
INFO: Run Behavior\ReadHtmlCacheBehavior [ RunTime:0.000684s ]
INFO: [ app_begin ] --END-- [ RunTime:0.000748s ]

[ 2014-09-21T18:11:06+08:00 ] 127.0.0.1 /welfare/index.php/Home/School/comment
INFO: [ app_init ] --START--
INFO: Run Behavior\BuildLiteBehavior [ RunTime:0.000015s ]
INFO: [ app_init ] --END-- [ RunTime:0.000412s ]
INFO: [ app_begin ] --START--
INFO: Run Behavior\ReadHtmlCacheBehavior [ RunTime:0.000769s ]
INFO: [ app_begin ] --END-- [ RunTime:0.000833s ]

[ 2014-09-21T18:11:42+08:00 ] 127.0.0.1 /welfare/index.php/Home/School/comment
INFO: [ app_init ] --START--
INFO: Run Behavior\BuildLiteBehavior [ RunTime:0.000015s ]
INFO: [ app_init ] --END-- [ RunTime:0.000378s ]
INFO: [ app_begin ] --START--
INFO: Run Behavior\ReadHtmlCacheBehavior [ RunTime:0.000552s ]
INFO: [ app_begin ] --END-- [ RunTime:0.000613s ]
SQL: SHOW COLUMNS FROM `comment` [ RunTime:0.001777s ]
SQL: SHOW COLUMNS FROM `siterelcmnt` [ RunTime:0.001810s ]
SQL: INSERT INTO `comment` (`cmntid`,`cmntuid`,`cmntcontent`,`cmntdt`,`recmntid`,`rtcmntid`) VALUES (null,8,'楼主不要瞎逼逼！','2014-09-21 18:11:42',5,2) [ RunTime:0.000568s ]
NOTIC: [8] Undefined variable: cmntId D:\Program Files (x86)\wamp\www\welfare\Home\Controller\SchoolController.class.php 第 373 行.
SQL: INSERT INTO `siterelcmnt` (`siteid`,`cmntid`) VALUES (1,null) [ RunTime:0.000153s ]
ERR: 1048:Column 'cmntid' cannot be null
 [ SQL语句 ] : INSERT INTO `siterelcmnt` (`siteid`,`cmntid`) VALUES (1,null)

[ 2014-09-21T18:12:11+08:00 ] 127.0.0.1 /welfare/index.php/Home/School/comment
INFO: [ app_init ] --START--
INFO: Run Behavior\BuildLiteBehavior [ RunTime:0.000017s ]
INFO: [ app_init ] --END-- [ RunTime:0.000422s ]
INFO: [ app_begin ] --START--
INFO: Run Behavior\ReadHtmlCacheBehavior [ RunTime:0.000606s ]
INFO: [ app_begin ] --END-- [ RunTime:0.000697s ]
SQL: SHOW COLUMNS FROM `comment` [ RunTime:0.002254s ]
SQL: SHOW COLUMNS FROM `siterelcmnt` [ RunTime:0.002057s ]
SQL: INSERT INTO `comment` (`cmntid`,`cmntuid`,`cmntcontent`,`cmntdt`,`recmntid`,`rtcmntid`) VALUES (null,8,'楼主不要瞎逼逼！','2014-09-21 18:12:11',5,2) [ RunTime:0.000458s ]
NOTIC: [8] Undefined variable: cmntId D:\Program Files (x86)\wamp\www\welfare\Home\Controller\SchoolController.class.php 第 374 行.
SQL: INSERT INTO `siterelcmnt` (`siteid`,`cmntid`) VALUES (1,null) [ RunTime:0.000155s ]
ERR: 1048:Column 'cmntid' cannot be null
 [ SQL语句 ] : INSERT INTO `siterelcmnt` (`siteid`,`cmntid`) VALUES (1,null)

[ 2014-09-21T18:14:55+08:00 ] 127.0.0.1 /welfare/index.php/Home/School/comment
INFO: [ app_init ] --START--
INFO: Run Behavior\BuildLiteBehavior [ RunTime:0.000014s ]
INFO: [ app_init ] --END-- [ RunTime:0.000421s ]
INFO: [ app_begin ] --START--
INFO: Run Behavior\ReadHtmlCacheBehavior [ RunTime:0.002132s ]
INFO: [ app_begin ] --END-- [ RunTime:0.002326s ]
SQL: SHOW COLUMNS FROM `comment` [ RunTime:0.003182s ]
SQL: SHOW COLUMNS FROM `siterelcmnt` [ RunTime:0.003139s ]
SQL: INSERT INTO `comment` (`cmntid`,`cmntuid`,`cmntcontent`,`cmntdt`,`recmntid`,`rtcmntid`) VALUES (null,8,'楼主不要瞎逼逼！','2014-09-21 18:14:55',5,2) [ RunTime:0.000756s ]
SQL: SELECT `cmntid` FROM `comment` WHERE ( `cmntdt` = '2014-09-21 18:14:55' ) LIMIT 1   [ RunTime:0.000429s ]
SQL: INSERT INTO `siterelcmnt` (`siteid`,`cmntid`) VALUES (1,108) [ RunTime:0.000497s ]

