[ 2014-10-01T09:53:52+08:00 ] 127.0.0.1 /welfare/index.php/Home/HomePage
INFO: [ app_init ] --START--
INFO: Run Behavior\BuildLiteBehavior [ RunTime:0.000051s ]
INFO: [ app_init ] --END-- [ RunTime:0.019732s ]
INFO: [ app_begin ] --START--
INFO: Run Behavior\ReadHtmlCacheBehavior [ RunTime:0.002573s ]
INFO: [ app_begin ] --END-- [ RunTime:0.002805s ]
INFO: [ view_parse ] --START--
INFO: [ template_filter ] --START--
INFO: Run Behavior\ContentReplaceBehavior [ RunTime:0.000238s ]
INFO: [ template_filter ] --END-- [ RunTime:0.000442s ]
INFO: Run Behavior\ParseTemplateBehavior [ RunTime:0.126007s ]
INFO: [ view_parse ] --END-- [ RunTime:0.126286s ]
INFO: [ view_filter ] --START--
INFO: Run Behavior\WriteHtmlCacheBehavior [ RunTime:0.016577s ]
INFO: [ view_filter ] --END-- [ RunTime:0.016838s ]
INFO: [ app_end ] --START--
INFO: Run Behavior\ShowPageTraceBehavior [ RunTime:0.013730s ]
INFO: [ app_end ] --END-- [ RunTime:0.013940s ]

[ 2014-10-01T09:53:52+08:00 ] 127.0.0.1 /welfare/index.php/Home/MainNavigation/verify
INFO: [ app_init ] --START--
INFO: Run Behavior\BuildLiteBehavior [ RunTime:0.000031s ]
INFO: [ app_init ] --END-- [ RunTime:0.000813s ]
INFO: [ app_begin ] --START--
INFO: Run Behavior\ReadHtmlCacheBehavior [ RunTime:0.001109s ]
INFO: [ app_begin ] --END-- [ RunTime:0.001238s ]

[ 2014-10-01T09:53:55+08:00 ] 127.0.0.1 /welfare/index.php/Home/Activity/index
INFO: [ app_init ] --START--
INFO: Run Behavior\BuildLiteBehavior [ RunTime:0.000015s ]
INFO: [ app_init ] --END-- [ RunTime:0.000355s ]
INFO: [ app_begin ] --START--
INFO: Run Behavior\ReadHtmlCacheBehavior [ RunTime:0.000482s ]
INFO: [ app_begin ] --END-- [ RunTime:0.000540s ]
NOTIC: [8] Use of undefined constant STYLE_PATH - assumed 'STYLE_PATH' D:\Program Files (x86)\wamp\www\welfare\Home\Controller\ActivityController.class.php 第 11 行.
INFO: [ view_parse ] --START--
INFO: [ template_filter ] --START--
INFO: Run Behavior\ContentReplaceBehavior [ RunTime:0.000096s ]
INFO: [ template_filter ] --END-- [ RunTime:0.000167s ]
INFO: Run Behavior\ParseTemplateBehavior [ RunTime:0.036873s ]
INFO: [ view_parse ] --END-- [ RunTime:0.036953s ]
INFO: [ view_filter ] --START--
INFO: Run Behavior\WriteHtmlCacheBehavior [ RunTime:0.000215s ]
INFO: [ view_filter ] --END-- [ RunTime:0.000265s ]
INFO: [ app_end ] --START--
INFO: Run Behavior\ShowPageTraceBehavior [ RunTime:0.000506s ]
INFO: [ app_end ] --END-- [ RunTime:0.000558s ]

[ 2014-10-01T09:53:55+08:00 ] 127.0.0.1 /welfare/index.php/Home/MainNavigation/verify
INFO: [ app_init ] --START--
INFO: Run Behavior\BuildLiteBehavior [ RunTime:0.000067s ]
INFO: [ app_init ] --END-- [ RunTime:0.001035s ]
INFO: [ app_begin ] --START--
INFO: Run Behavior\ReadHtmlCacheBehavior [ RunTime:0.001233s ]
INFO: [ app_begin ] --END-- [ RunTime:0.001537s ]

[ 2014-10-01T09:53:56+08:00 ] 127.0.0.1 /welfare/index.php/Home/Activity/initate
INFO: [ app_init ] --START--
INFO: Run Behavior\BuildLiteBehavior [ RunTime:0.000070s ]
INFO: [ app_init ] --END-- [ RunTime:0.000753s ]
INFO: [ app_begin ] --START--
INFO: Run Behavior\ReadHtmlCacheBehavior [ RunTime:0.000851s ]
INFO: [ app_begin ] --END-- [ RunTime:0.000953s ]
SQL: SHOW COLUMNS FROM `province` [ RunTime:0.067086s ]
SQL: SELECT * FROM `province`  [ RunTime:0.001428s ]
INFO: [ app_end ] --START--
INFO: Run Behavior\ShowPageTraceBehavior [ RunTime:0.002321s ]
INFO: [ app_end ] --END-- [ RunTime:0.002548s ]

[ 2014-10-01T09:53:58+08:00 ] 127.0.0.1 /welfare/index.php/Home/Activity/getCity
INFO: [ app_init ] --START--
INFO: Run Behavior\BuildLiteBehavior [ RunTime:0.000016s ]
INFO: [ app_init ] --END-- [ RunTime:0.000452s ]
INFO: [ app_begin ] --START--
INFO: Run Behavior\ReadHtmlCacheBehavior [ RunTime:0.000538s ]
INFO: [ app_begin ] --END-- [ RunTime:0.000599s ]
SQL: SHOW COLUMNS FROM `city` [ RunTime:0.061872s ]
SQL: SHOW COLUMNS FROM `image` [ RunTime:0.022723s ]
SQL: SELECT * FROM `city` WHERE ( provinceid = '1' )  [ RunTime:0.030421s ]
SQL: SHOW COLUMNS FROM `activity` [ RunTime:0.035196s ]
SQL: SHOW COLUMNS FROM `site` [ RunTime:0.040752s ]
SQL: SELECT `siteid` FROM `site` WHERE ( provinceid = '1' ) LIMIT 1   [ RunTime:0.001389s ]
SQL: SHOW COLUMNS FROM `targetloc` [ RunTime:0.014463s ]
SQL: SELECT `aid` FROM `targetloc` WHERE ( siteid = '1' )  [ RunTime:0.001392s ]
SQL: SELECT * FROM `activity` WHERE ( aid=1 )  [ RunTime:0.000930s ]
SQL: SELECT * FROM `image` WHERE ( iid=6 ) LIMIT 1   [ RunTime:0.000617s ]
SQL: SELECT * FROM `activity` WHERE ( aid=2 )  [ RunTime:0.000527s ]
SQL: SELECT * FROM `image` WHERE ( iid=7 ) LIMIT 1   [ RunTime:0.000506s ]
INFO: [ app_end ] --START--
INFO: Run Behavior\ShowPageTraceBehavior [ RunTime:0.001934s ]
INFO: [ app_end ] --END-- [ RunTime:0.002140s ]

[ 2014-10-01T09:53:59+08:00 ] 127.0.0.1 /welfare/index.php/Home/ActivityDisplay/index?acid=1
INFO: [ app_init ] --START--
INFO: Run Behavior\BuildLiteBehavior [ RunTime:0.000015s ]
INFO: [ app_init ] --END-- [ RunTime:0.000434s ]
INFO: [ app_begin ] --START--
INFO: Run Behavior\ReadHtmlCacheBehavior [ RunTime:0.000658s ]
INFO: [ app_begin ] --END-- [ RunTime:0.000720s ]
NOTIC: [8] A session had already been started - ignoring session_start() D:\Program Files (x86)\wamp\www\welfare\Home\Controller\ActivityDisplayController.class.php 第 16 行.
INFO: [ view_parse ] --START--
INFO: [ template_filter ] --START--
INFO: Run Behavior\ContentReplaceBehavior [ RunTime:0.000309s ]
INFO: [ template_filter ] --END-- [ RunTime:0.000518s ]
INFO: Run Behavior\ParseTemplateBehavior [ RunTime:0.068747s ]
INFO: [ view_parse ] --END-- [ RunTime:0.068881s ]
INFO: [ view_filter ] --START--
INFO: Run Behavior\WriteHtmlCacheBehavior [ RunTime:0.000715s ]
INFO: [ view_filter ] --END-- [ RunTime:0.000810s ]
INFO: [ app_end ] --START--
INFO: Run Behavior\ShowPageTraceBehavior [ RunTime:0.001382s ]
INFO: [ app_end ] --END-- [ RunTime:0.001483s ]

[ 2014-10-01T09:53:59+08:00 ] 127.0.0.1 /welfare/index.php/Home/MainNavigation/verify
INFO: [ app_init ] --START--
INFO: Run Behavior\BuildLiteBehavior [ RunTime:0.000028s ]
INFO: [ app_init ] --END-- [ RunTime:0.000553s ]
INFO: [ app_begin ] --START--
INFO: Run Behavior\ReadHtmlCacheBehavior [ RunTime:0.000861s ]
INFO: [ app_begin ] --END-- [ RunTime:0.000976s ]

[ 2014-10-01T09:53:59+08:00 ] 127.0.0.1 /welfare/index.php/Home/ActivityDisplay/holder.js/300x150/auto/
INFO: [ app_init ] --START--
INFO: Run Behavior\BuildLiteBehavior [ RunTime:0.000025s ]
INFO: [ app_init ] --END-- [ RunTime:0.000732s ]
INFO: [ app_begin ] --START--
INFO: Run Behavior\ReadHtmlCacheBehavior [ RunTime:0.001124s ]
INFO: [ app_begin ] --END-- [ RunTime:0.001230s ]
ERR: 非法操作:holder.js

[ 2014-10-01T09:54:01+08:00 ] 127.0.0.1 /welfare/index.php/Home/ActivityDisplay/initate
INFO: [ app_init ] --START--
INFO: Run Behavior\BuildLiteBehavior [ RunTime:0.000031s ]
INFO: [ app_init ] --END-- [ RunTime:0.000930s ]
INFO: [ app_begin ] --START--
INFO: Run Behavior\ReadHtmlCacheBehavior [ RunTime:0.001483s ]
INFO: [ app_begin ] --END-- [ RunTime:0.001722s ]
SQL: SHOW COLUMNS FROM `actfollower` [ RunTime:0.069497s ]
SQL: SHOW COLUMNS FROM `activitytype` [ RunTime:0.021051s ]
SQL: SHOW COLUMNS FROM `sponsor` [ RunTime:0.024366s ]
SQL: SHOW COLUMNS FROM `targetloc` [ RunTime:0.001738s ]
SQL: SHOW COLUMNS FROM `site` [ RunTime:0.001957s ]
SQL: SHOW COLUMNS FROM `actrelcmnt` [ RunTime:0.039356s ]
SQL: SHOW COLUMNS FROM `comment` [ RunTime:0.046352s ]
SQL: SHOW COLUMNS FROM `user` [ RunTime:0.021449s ]
SQL: SHOW COLUMNS FROM `image` [ RunTime:0.003119s ]
SQL: SHOW COLUMNS FROM `activity` [ RunTime:0.003268s ]
SQL: SELECT * FROM `activity` WHERE ( aid=1 ) LIMIT 1   [ RunTime:0.000733s ]
SQL: SELECT `imgpath` FROM `image` WHERE ( iid=6 ) LIMIT 1   [ RunTime:0.000303s ]
SQL: SELECT `siteid` FROM `targetloc` WHERE ( aid=1 )  [ RunTime:0.000336s ]
SQL: SELECT `sitename` FROM `site` WHERE ( siteid=1 ) LIMIT 1   [ RunTime:0.000306s ]
SQL: SELECT `atypename` FROM `activitytype` WHERE ( atypeid=1 ) LIMIT 1   [ RunTime:0.000352s ]
SQL: SELECT `actfollowuid` FROM `actfollower` WHERE ( aid=1 )  [ RunTime:0.000392s ]
SQL: SELECT * FROM `user` WHERE ( uid=3 ) LIMIT 1   [ RunTime:0.000520s ]
SQL: SELECT `imgpath` FROM `image` WHERE ( iid=1 ) LIMIT 1   [ RunTime:0.000300s ]
SQL: SELECT * FROM `user` WHERE ( uid=4 ) LIMIT 1   [ RunTime:0.000340s ]
SQL: SELECT `imgpath` FROM `image` WHERE ( iid=3 ) LIMIT 1   [ RunTime:0.000293s ]
SQL: SELECT * FROM `user` WHERE ( uid=5 ) LIMIT 1   [ RunTime:0.000338s ]
SQL: SELECT `imgpath` FROM `image` WHERE ( iid=4 ) LIMIT 1   [ RunTime:0.000293s ]
SQL: SELECT `sponsoruid` FROM `sponsor` WHERE ( aid=1 )  [ RunTime:0.000600s ]
SQL: SELECT `uname` FROM `user` WHERE ( uid=3 ) LIMIT 1   [ RunTime:0.000487s ]
SQL: SELECT `uname` FROM `user` WHERE ( uid=4 ) LIMIT 1   [ RunTime:0.000486s ]
SQL: SELECT `cmntid` FROM `actrelcmnt` WHERE ( aid=1 )  [ RunTime:0.000541s ]
SQL: SELECT * FROM `comment` WHERE ( recmntid is null and rtcmntid is null and cmntid=1 ) LIMIT 1   [ RunTime:0.022285s ]
SQL: SELECT * FROM `comment` WHERE ( recmntid is null and rtcmntid is null and cmntid=2 ) LIMIT 1   [ RunTime:0.000610s ]
SQL: SELECT * FROM `comment` WHERE ( recmntid is null and rtcmntid is null and cmntid=3 ) LIMIT 1   [ RunTime:0.000540s ]
SQL: SELECT * FROM `comment` WHERE ( recmntid is null and rtcmntid is null and cmntid=4 ) LIMIT 1   [ RunTime:0.000547s ]
SQL: SELECT * FROM `comment` WHERE ( recmntid is null and rtcmntid is null and cmntid=5 ) LIMIT 1   [ RunTime:0.000528s ]
SQL: SELECT * FROM `comment` WHERE ( recmntid is null and rtcmntid is null and cmntid=6 ) LIMIT 1   [ RunTime:0.000529s ]
SQL: SELECT * FROM `comment` WHERE ( recmntid is null and rtcmntid is null and cmntid=7 ) LIMIT 1   [ RunTime:0.000515s ]
SQL: SELECT * FROM `comment` WHERE ( recmntid is null and rtcmntid is null and cmntid=8 ) LIMIT 1   [ RunTime:0.000515s ]
SQL: SELECT * FROM `comment` WHERE ( recmntid is null and rtcmntid is null and cmntid=9 ) LIMIT 1   [ RunTime:0.000516s ]
SQL: SELECT * FROM `comment` WHERE ( recmntid is null and rtcmntid is null and cmntid=10 ) LIMIT 1   [ RunTime:0.000524s ]
SQL: SELECT * FROM `comment` WHERE ( recmntid is null and rtcmntid is null and cmntid=111 ) LIMIT 1   [ RunTime:0.000518s ]
SQL: SELECT * FROM `comment` WHERE ( recmntid is null and rtcmntid is null and cmntid=112 ) LIMIT 1   [ RunTime:0.000516s ]
SQL: SELECT * FROM `comment` WHERE ( recmntid is null and rtcmntid is null and cmntid=113 ) LIMIT 1   [ RunTime:0.000513s ]
SQL: SELECT * FROM `comment` WHERE ( recmntid is null and rtcmntid is null and cmntid=114 ) LIMIT 1   [ RunTime:0.000514s ]
SQL: SELECT * FROM `comment` WHERE ( recmntid is null and rtcmntid is null and cmntid=115 ) LIMIT 1   [ RunTime:0.000511s ]
SQL: SELECT * FROM `comment` WHERE ( recmntid is null and rtcmntid is null and cmntid=116 ) LIMIT 1   [ RunTime:0.000527s ]
SQL: SELECT * FROM `comment` WHERE ( recmntid is null and rtcmntid is null and cmntid=117 ) LIMIT 1   [ RunTime:0.000514s ]
SQL: SELECT * FROM `comment` WHERE ( cmntid=1 and recmntid is not null and rtcmntid is not null ) LIMIT 1   [ RunTime:0.000537s ]
SQL: SELECT * FROM `comment` WHERE ( cmntid=2 and recmntid is not null and rtcmntid is not null ) LIMIT 1   [ RunTime:0.000546s ]
SQL: SELECT * FROM `comment` WHERE ( cmntid=3 and recmntid is not null and rtcmntid is not null ) LIMIT 1   [ RunTime:0.000512s ]
SQL: SELECT * FROM `comment` WHERE ( cmntid=4 and recmntid is not null and rtcmntid is not null ) LIMIT 1   [ RunTime:0.000520s ]
SQL: SELECT * FROM `comment` WHERE ( cmntid=5 and recmntid is not null and rtcmntid is not null ) LIMIT 1   [ RunTime:0.000536s ]
SQL: SELECT * FROM `comment` WHERE ( cmntid=1 ) LIMIT 1   [ RunTime:0.000513s ]
SQL: SELECT * FROM `comment` WHERE ( cmntid=6 and recmntid is not null and rtcmntid is not null ) LIMIT 1   [ RunTime:0.000533s ]
SQL: SELECT * FROM `comment` WHERE ( cmntid=2 ) LIMIT 1   [ RunTime:0.000506s ]
SQL: SELECT * FROM `comment` WHERE ( cmntid=7 and recmntid is not null and rtcmntid is not null ) LIMIT 1   [ RunTime:0.000518s ]
SQL: SELECT * FROM `comment` WHERE ( cmntid=5 ) LIMIT 1   [ RunTime:0.000506s ]
SQL: SELECT * FROM `comment` WHERE ( cmntid=8 and recmntid is not null and rtcmntid is not null ) LIMIT 1   [ RunTime:0.000551s ]
SQL: SELECT * FROM `comment` WHERE ( cmntid=5 ) LIMIT 1   [ RunTime:0.000507s ]
SQL: SELECT * FROM `comment` WHERE ( cmntid=9 and recmntid is not null and rtcmntid is not null ) LIMIT 1   [ RunTime:0.000521s ]
SQL: SELECT * FROM `comment` WHERE ( cmntid=6 ) LIMIT 1   [ RunTime:0.000506s ]
SQL: SELECT * FROM `comment` WHERE ( cmntid=10 and recmntid is not null and rtcmntid is not null ) LIMIT 1   [ RunTime:0.000522s ]
SQL: SELECT * FROM `comment` WHERE ( cmntid=3 ) LIMIT 1   [ RunTime:0.000494s ]
SQL: SELECT * FROM `comment` WHERE ( cmntid=111 and recmntid is not null and rtcmntid is not null ) LIMIT 1   [ RunTime:0.000525s ]
SQL: SELECT * FROM `comment` WHERE ( cmntid=5 ) LIMIT 1   [ RunTime:0.000521s ]
SQL: SELECT * FROM `comment` WHERE ( cmntid=112 and recmntid is not null and rtcmntid is not null ) LIMIT 1   [ RunTime:0.000527s ]
SQL: SELECT * FROM `comment` WHERE ( cmntid=5 ) LIMIT 1   [ RunTime:0.000512s ]
SQL: SELECT * FROM `comment` WHERE ( cmntid=113 and recmntid is not null and rtcmntid is not null ) LIMIT 1   [ RunTime:0.000525s ]
SQL: SELECT * FROM `comment` WHERE ( cmntid=5 ) LIMIT 1   [ RunTime:0.000509s ]
SQL: SELECT * FROM `comment` WHERE ( cmntid=114 and recmntid is not null and rtcmntid is not null ) LIMIT 1   [ RunTime:0.000526s ]
SQL: SELECT * FROM `comment` WHERE ( cmntid=5 ) LIMIT 1   [ RunTime:0.000572s ]
SQL: SELECT * FROM `comment` WHERE ( cmntid=115 and recmntid is not null and rtcmntid is not null ) LIMIT 1   [ RunTime:0.000542s ]
SQL: SELECT * FROM `comment` WHERE ( cmntid=114 ) LIMIT 1   [ RunTime:0.000536s ]
SQL: SELECT * FROM `comment` WHERE ( cmntid=116 and recmntid is not null and rtcmntid is not null ) LIMIT 1   [ RunTime:0.000538s ]
SQL: SELECT * FROM `comment` WHERE ( cmntid=114 ) LIMIT 1   [ RunTime:0.000498s ]
SQL: SELECT * FROM `comment` WHERE ( cmntid=117 and recmntid is not null and rtcmntid is not null ) LIMIT 1   [ RunTime:0.000531s ]
SQL: SELECT * FROM `comment` WHERE ( cmntid=114 ) LIMIT 1   [ RunTime:0.000502s ]
SQL: SELECT `uname`,`uicon` FROM `user` WHERE ( uid=3 ) LIMIT 1   [ RunTime:0.000510s ]
SQL: SELECT `imgpath` FROM `image` WHERE ( iid=1 ) LIMIT 1   [ RunTime:0.000483s ]
SQL: SELECT `uname`,`uicon` FROM `user` WHERE ( uid=4 ) LIMIT 1   [ RunTime:0.000501s ]
SQL: SELECT `imgpath` FROM `image` WHERE ( iid=3 ) LIMIT 1   [ RunTime:0.000483s ]
SQL: SELECT `uname`,`uicon` FROM `user` WHERE ( uid=8 ) LIMIT 1   [ RunTime:0.000491s ]
SQL: SELECT `imgpath` FROM `image` WHERE ( iid=1 ) LIMIT 1   [ RunTime:0.000474s ]
SQL: SELECT `uname`,`uicon` FROM `user` WHERE ( uid=3 ) LIMIT 1   [ RunTime:0.000488s ]
SQL: SELECT `imgpath` FROM `image` WHERE ( iid=1 ) LIMIT 1   [ RunTime:0.000470s ]
SQL: SELECT `uname`,`uicon` FROM `user` WHERE ( uid=8 ) LIMIT 1   [ RunTime:0.000489s ]
SQL: SELECT `imgpath` FROM `image` WHERE ( iid=1 ) LIMIT 1   [ RunTime:0.000470s ]
SQL: SELECT `uname`,`uicon` FROM `user` WHERE ( uid=8 ) LIMIT 1   [ RunTime:0.000489s ]
SQL: SELECT `imgpath` FROM `image` WHERE ( iid=1 ) LIMIT 1   [ RunTime:0.000470s ]
SQL: SELECT `uname`,`uicon` FROM `user` WHERE ( uid=8 ) LIMIT 1   [ RunTime:0.000487s ]
SQL: SELECT `imgpath` FROM `image` WHERE ( iid=1 ) LIMIT 1   [ RunTime:0.000471s ]
SQL: SELECT `uname`,`uicon` FROM `user` WHERE ( uid=8 ) LIMIT 1   [ RunTime:0.000510s ]
SQL: SELECT `imgpath` FROM `image` WHERE ( iid=1 ) LIMIT 1   [ RunTime:0.000469s ]
SQL: SELECT `uname`,`uicon` FROM `user` WHERE ( uid=8 ) LIMIT 1   [ RunTime:0.000488s ]
SQL: SELECT `imgpath` FROM `image` WHERE ( iid=1 ) LIMIT 1   [ RunTime:0.000470s ]
SQL: SELECT `uname`,`uicon` FROM `user` WHERE ( uid=8 ) LIMIT 1   [ RunTime:0.000488s ]
SQL: SELECT `imgpath` FROM `image` WHERE ( iid=1 ) LIMIT 1   [ RunTime:0.000472s ]
SQL: SELECT `uname`,`uicon` FROM `user` WHERE ( uid=8 ) LIMIT 1   [ RunTime:0.000489s ]
SQL: SELECT `imgpath` FROM `image` WHERE ( iid=1 ) LIMIT 1   [ RunTime:0.000471s ]
SQL: SELECT `uname`,`uicon` FROM `user` WHERE ( uid=4 ) LIMIT 1   [ RunTime:0.000490s ]
SQL: SELECT `imgpath` FROM `image` WHERE ( iid=3 ) LIMIT 1   [ RunTime:0.000470s ]
SQL: SELECT `uname`,`uicon` FROM `user` WHERE ( uid=3 ) LIMIT 1   [ RunTime:0.000528s ]
SQL: SELECT `imgpath` FROM `image` WHERE ( iid=1 ) LIMIT 1   [ RunTime:0.000463s ]
SQL: SELECT `uname`,`uicon` FROM `user` WHERE ( uid=8 ) LIMIT 1   [ RunTime:0.000512s ]
SQL: SELECT `imgpath` FROM `image` WHERE ( iid=1 ) LIMIT 1   [ RunTime:0.000486s ]
SQL: SELECT `uname`,`uicon` FROM `user` WHERE ( uid=5 ) LIMIT 1   [ RunTime:0.000497s ]
SQL: SELECT `imgpath` FROM `image` WHERE ( iid=4 ) LIMIT 1   [ RunTime:0.000473s ]
SQL: SELECT `uname`,`uicon` FROM `user` WHERE ( uid=3 ) LIMIT 1   [ RunTime:0.000491s ]
SQL: SELECT `imgpath` FROM `image` WHERE ( iid=1 ) LIMIT 1   [ RunTime:0.000471s ]
SQL: SELECT `uname`,`uicon` FROM `user` WHERE ( uid=4 ) LIMIT 1   [ RunTime:0.000490s ]
SQL: SELECT `imgpath` FROM `image` WHERE ( iid=3 ) LIMIT 1   [ RunTime:0.000472s ]
SQL: SELECT `uname` FROM `user` WHERE ( uid= ) LIMIT 1   [ RunTime:0.000340s ]
ERR: 1064:You have an error in your SQL syntax; check the manual that corresponds to your MySQL server version for the right syntax to use near ') LIMIT 1' at line 1
 [ SQL语句 ] : SELECT `uname` FROM `user` WHERE ( uid= ) LIMIT 1  
SQL: SELECT `uname` FROM `user` WHERE ( uid=3 ) LIMIT 1   [ RunTime:0.000476s ]
SQL: SELECT `uname` FROM `user` WHERE ( uid=4 ) LIMIT 1   [ RunTime:0.000478s ]
SQL: SELECT `uname` FROM `user` WHERE ( uid=4 ) LIMIT 1   [ RunTime:0.000488s ]
SQL: SELECT `uname` FROM `user` WHERE ( uid=4 ) LIMIT 1   [ RunTime:0.000480s ]
SQL: SELECT `uname` FROM `user` WHERE ( uid=4 ) LIMIT 1   [ RunTime:0.000479s ]
SQL: SELECT `uname` FROM `user` WHERE ( uid=4 ) LIMIT 1   [ RunTime:0.000479s ]
SQL: SELECT `uname` FROM `user` WHERE ( uid=4 ) LIMIT 1   [ RunTime:0.000476s ]
SQL: SELECT `uname` FROM `user` WHERE ( uid=8 ) LIMIT 1   [ RunTime:0.000497s ]
SQL: SELECT `uname` FROM `user` WHERE ( uid=8 ) LIMIT 1   [ RunTime:0.000490s ]
SQL: SELECT `uname` FROM `user` WHERE ( uid=8 ) LIMIT 1   [ RunTime:0.000479s ]
SQL: SELECT `uname` FROM `user` WHERE ( uid= ) LIMIT 1   [ RunTime:0.000318s ]
ERR: 1064:You have an error in your SQL syntax; check the manual that corresponds to your MySQL server version for the right syntax to use near ') LIMIT 1' at line 1
 [ SQL语句 ] : SELECT `uname` FROM `user` WHERE ( uid= ) LIMIT 1  
SQL: SELECT `uname` FROM `user` WHERE ( uid=4 ) LIMIT 1   [ RunTime:0.000481s ]
SQL: SELECT `uname` FROM `user` WHERE ( uid=3 ) LIMIT 1   [ RunTime:0.000477s ]
SQL: SELECT `uname` FROM `user` WHERE ( uid= ) LIMIT 1   [ RunTime:0.000316s ]
ERR: 1064:You have an error in your SQL syntax; check the manual that corresponds to your MySQL server version for the right syntax to use near ') LIMIT 1' at line 1
 [ SQL语句 ] : SELECT `uname` FROM `user` WHERE ( uid= ) LIMIT 1  
SQL: SELECT `uname` FROM `user` WHERE ( uid=5 ) LIMIT 1   [ RunTime:0.000477s ]
SQL: SELECT `uname` FROM `user` WHERE ( uid= ) LIMIT 1   [ RunTime:0.000316s ]
ERR: 1064:You have an error in your SQL syntax; check the manual that corresponds to your MySQL server version for the right syntax to use near ') LIMIT 1' at line 1
 [ SQL语句 ] : SELECT `uname` FROM `user` WHERE ( uid= ) LIMIT 1  

[ 2014-10-01T09:54:04+08:00 ] 127.0.0.1 /welfare/index.php/Home/ActivityDisplay/activity_feedback.html
INFO: [ app_init ] --START--
INFO: Run Behavior\BuildLiteBehavior [ RunTime:0.000014s ]
INFO: [ app_init ] --END-- [ RunTime:0.000349s ]
INFO: [ app_begin ] --START--
INFO: Run Behavior\ReadHtmlCacheBehavior [ RunTime:0.000523s ]
INFO: [ app_begin ] --END-- [ RunTime:0.000582s ]
ERR: 非法操作:activity_feedback

[ 2014-10-01T09:59:00+08:00 ] 127.0.0.1 /welfare/index.php/Home/ActivityDisplay/holder.js/300x150/auto/
INFO: [ app_init ] --START--
INFO: Run Behavior\BuildLiteBehavior [ RunTime:0.000021s ]
INFO: [ app_init ] --END-- [ RunTime:0.000619s ]
INFO: [ app_begin ] --START--
INFO: Run Behavior\ReadHtmlCacheBehavior [ RunTime:0.001026s ]
INFO: [ app_begin ] --END-- [ RunTime:0.001123s ]
ERR: 非法操作:holder.js

[ 2014-10-01T09:59:00+08:00 ] 127.0.0.1 /welfare/index.php/Home/MainNavigation/verify
INFO: [ app_init ] --START--
INFO: Run Behavior\BuildLiteBehavior [ RunTime:0.000022s ]
INFO: [ app_init ] --END-- [ RunTime:0.000657s ]
INFO: [ app_begin ] --START--
INFO: Run Behavior\ReadHtmlCacheBehavior [ RunTime:0.001212s ]
INFO: [ app_begin ] --END-- [ RunTime:0.001500s ]

[ 2014-10-01T09:59:02+08:00 ] 127.0.0.1 /welfare/index.php/Home/ActivityDisplay/initate
INFO: [ app_init ] --START--
INFO: Run Behavior\BuildLiteBehavior [ RunTime:0.000019s ]
INFO: [ app_init ] --END-- [ RunTime:0.000375s ]
INFO: [ app_begin ] --START--
INFO: Run Behavior\ReadHtmlCacheBehavior [ RunTime:0.000495s ]
INFO: [ app_begin ] --END-- [ RunTime:0.000549s ]
SQL: SHOW COLUMNS FROM `actfollower` [ RunTime:0.003026s ]
SQL: SHOW COLUMNS FROM `activitytype` [ RunTime:0.002953s ]
SQL: SHOW COLUMNS FROM `sponsor` [ RunTime:0.002867s ]
SQL: SHOW COLUMNS FROM `targetloc` [ RunTime:0.002577s ]
SQL: SHOW COLUMNS FROM `site` [ RunTime:0.004307s ]
SQL: SHOW COLUMNS FROM `actrelcmnt` [ RunTime:0.002996s ]
SQL: SHOW COLUMNS FROM `comment` [ RunTime:0.002958s ]
SQL: SHOW COLUMNS FROM `user` [ RunTime:0.002630s ]
SQL: SHOW COLUMNS FROM `image` [ RunTime:0.002486s ]
SQL: SHOW COLUMNS FROM `activity` [ RunTime:0.002994s ]
SQL: SELECT * FROM `activity` WHERE ( aid=1 ) LIMIT 1   [ RunTime:0.000590s ]
SQL: SELECT `imgpath` FROM `image` WHERE ( iid=6 ) LIMIT 1   [ RunTime:0.000193s ]
SQL: SELECT `siteid` FROM `targetloc` WHERE ( aid=1 )  [ RunTime:0.000181s ]
SQL: SELECT `sitename` FROM `site` WHERE ( siteid=1 ) LIMIT 1   [ RunTime:0.000180s ]
SQL: SELECT `atypename` FROM `activitytype` WHERE ( atypeid=1 ) LIMIT 1   [ RunTime:0.000166s ]
SQL: SELECT `actfollowuid` FROM `actfollower` WHERE ( aid=1 )  [ RunTime:0.000177s ]
SQL: SELECT * FROM `user` WHERE ( uid=3 ) LIMIT 1   [ RunTime:0.000201s ]
SQL: SELECT `imgpath` FROM `image` WHERE ( iid=1 ) LIMIT 1   [ RunTime:0.000171s ]
SQL: SELECT * FROM `user` WHERE ( uid=4 ) LIMIT 1   [ RunTime:0.000203s ]
SQL: SELECT `imgpath` FROM `image` WHERE ( iid=3 ) LIMIT 1   [ RunTime:0.000174s ]
SQL: SELECT * FROM `user` WHERE ( uid=5 ) LIMIT 1   [ RunTime:0.000209s ]
SQL: SELECT `imgpath` FROM `image` WHERE ( iid=4 ) LIMIT 1   [ RunTime:0.000200s ]
SQL: SELECT `sponsoruid` FROM `sponsor` WHERE ( aid=1 )  [ RunTime:0.000213s ]
SQL: SELECT `uname` FROM `user` WHERE ( uid=3 ) LIMIT 1   [ RunTime:0.000208s ]
SQL: SELECT `uname` FROM `user` WHERE ( uid=4 ) LIMIT 1   [ RunTime:0.000205s ]
SQL: SELECT `cmntid` FROM `actrelcmnt` WHERE ( aid=1 )  [ RunTime:0.000170s ]
SQL: SELECT * FROM `comment` WHERE ( recmntid is null and rtcmntid is null and cmntid=1 ) LIMIT 1   [ RunTime:0.000228s ]
SQL: SELECT * FROM `comment` WHERE ( recmntid is null and rtcmntid is null and cmntid=2 ) LIMIT 1   [ RunTime:0.000263s ]
SQL: SELECT * FROM `comment` WHERE ( recmntid is null and rtcmntid is null and cmntid=3 ) LIMIT 1   [ RunTime:0.000202s ]
SQL: SELECT * FROM `comment` WHERE ( recmntid is null and rtcmntid is null and cmntid=4 ) LIMIT 1   [ RunTime:0.000249s ]
SQL: SELECT * FROM `comment` WHERE ( recmntid is null and rtcmntid is null and cmntid=5 ) LIMIT 1   [ RunTime:0.000262s ]
SQL: SELECT * FROM `comment` WHERE ( recmntid is null and rtcmntid is null and cmntid=6 ) LIMIT 1   [ RunTime:0.000285s ]
SQL: SELECT * FROM `comment` WHERE ( recmntid is null and rtcmntid is null and cmntid=7 ) LIMIT 1   [ RunTime:0.000214s ]
SQL: SELECT * FROM `comment` WHERE ( recmntid is null and rtcmntid is null and cmntid=8 ) LIMIT 1   [ RunTime:0.000254s ]
SQL: SELECT * FROM `comment` WHERE ( recmntid is null and rtcmntid is null and cmntid=9 ) LIMIT 1   [ RunTime:0.000251s ]
SQL: SELECT * FROM `comment` WHERE ( recmntid is null and rtcmntid is null and cmntid=10 ) LIMIT 1   [ RunTime:0.000246s ]
SQL: SELECT * FROM `comment` WHERE ( recmntid is null and rtcmntid is null and cmntid=111 ) LIMIT 1   [ RunTime:0.000219s ]
SQL: SELECT * FROM `comment` WHERE ( recmntid is null and rtcmntid is null and cmntid=112 ) LIMIT 1   [ RunTime:0.000284s ]
SQL: SELECT * FROM `comment` WHERE ( recmntid is null and rtcmntid is null and cmntid=113 ) LIMIT 1   [ RunTime:0.000271s ]
SQL: SELECT * FROM `comment` WHERE ( recmntid is null and rtcmntid is null and cmntid=114 ) LIMIT 1   [ RunTime:0.000257s ]
SQL: SELECT * FROM `comment` WHERE ( recmntid is null and rtcmntid is null and cmntid=115 ) LIMIT 1   [ RunTime:0.000223s ]
SQL: SELECT * FROM `comment` WHERE ( recmntid is null and rtcmntid is null and cmntid=116 ) LIMIT 1   [ RunTime:0.000298s ]
SQL: SELECT * FROM `comment` WHERE ( recmntid is null and rtcmntid is null and cmntid=117 ) LIMIT 1   [ RunTime:0.000272s ]
SQL: SELECT * FROM `comment` WHERE ( cmntid=1 and recmntid is not null and rtcmntid is not null ) LIMIT 1   [ RunTime:0.000226s ]
SQL: SELECT * FROM `comment` WHERE ( cmntid=2 and recmntid is not null and rtcmntid is not null ) LIMIT 1   [ RunTime:0.000260s ]
SQL: SELECT * FROM `comment` WHERE ( cmntid=3 and recmntid is not null and rtcmntid is not null ) LIMIT 1   [ RunTime:0.000239s ]
SQL: SELECT * FROM `comment` WHERE ( cmntid=4 and recmntid is not null and rtcmntid is not null ) LIMIT 1   [ RunTime:0.000267s ]
SQL: SELECT * FROM `comment` WHERE ( cmntid=5 and recmntid is not null and rtcmntid is not null ) LIMIT 1   [ RunTime:0.000248s ]
SQL: SELECT * FROM `comment` WHERE ( cmntid=1 ) LIMIT 1   [ RunTime:0.000192s ]
SQL: SELECT * FROM `comment` WHERE ( cmntid=6 and recmntid is not null and rtcmntid is not null ) LIMIT 1   [ RunTime:0.000292s ]
SQL: SELECT * FROM `comment` WHERE ( cmntid=2 ) LIMIT 1   [ RunTime:0.000217s ]
SQL: SELECT * FROM `comment` WHERE ( cmntid=7 and recmntid is not null and rtcmntid is not null ) LIMIT 1   [ RunTime:0.000269s ]
SQL: SELECT * FROM `comment` WHERE ( cmntid=5 ) LIMIT 1   [ RunTime:0.000227s ]
SQL: SELECT * FROM `comment` WHERE ( cmntid=8 and recmntid is not null and rtcmntid is not null ) LIMIT 1   [ RunTime:0.000205s ]
SQL: SELECT * FROM `comment` WHERE ( cmntid=5 ) LIMIT 1   [ RunTime:0.000201s ]
SQL: SELECT * FROM `comment` WHERE ( cmntid=9 and recmntid is not null and rtcmntid is not null ) LIMIT 1   [ RunTime:0.000192s ]
SQL: SELECT * FROM `comment` WHERE ( cmntid=6 ) LIMIT 1   [ RunTime:0.000194s ]
SQL: SELECT * FROM `comment` WHERE ( cmntid=10 and recmntid is not null and rtcmntid is not null ) LIMIT 1   [ RunTime:0.000200s ]
SQL: SELECT * FROM `comment` WHERE ( cmntid=3 ) LIMIT 1   [ RunTime:0.000171s ]
SQL: SELECT * FROM `comment` WHERE ( cmntid=111 and recmntid is not null and rtcmntid is not null ) LIMIT 1   [ RunTime:0.000180s ]
SQL: SELECT * FROM `comment` WHERE ( cmntid=5 ) LIMIT 1   [ RunTime:0.000177s ]
SQL: SELECT * FROM `comment` WHERE ( cmntid=112 and recmntid is not null and rtcmntid is not null ) LIMIT 1   [ RunTime:0.000172s ]
SQL: SELECT * FROM `comment` WHERE ( cmntid=5 ) LIMIT 1   [ RunTime:0.000140s ]
SQL: SELECT * FROM `comment` WHERE ( cmntid=113 and recmntid is not null and rtcmntid is not null ) LIMIT 1   [ RunTime:0.000146s ]
SQL: SELECT * FROM `comment` WHERE ( cmntid=5 ) LIMIT 1   [ RunTime:0.000155s ]
SQL: SELECT * FROM `comment` WHERE ( cmntid=114 and recmntid is not null and rtcmntid is not null ) LIMIT 1   [ RunTime:0.000144s ]
SQL: SELECT * FROM `comment` WHERE ( cmntid=5 ) LIMIT 1   [ RunTime:0.000275s ]
SQL: SELECT * FROM `comment` WHERE ( cmntid=115 and recmntid is not null and rtcmntid is not null ) LIMIT 1   [ RunTime:0.000266s ]
SQL: SELECT * FROM `comment` WHERE ( cmntid=114 ) LIMIT 1   [ RunTime:0.000328s ]
SQL: SELECT * FROM `comment` WHERE ( cmntid=116 and recmntid is not null and rtcmntid is not null ) LIMIT 1   [ RunTime:0.000257s ]
SQL: SELECT * FROM `comment` WHERE ( cmntid=114 ) LIMIT 1   [ RunTime:0.000260s ]
SQL: SELECT * FROM `comment` WHERE ( cmntid=117 and recmntid is not null and rtcmntid is not null ) LIMIT 1   [ RunTime:0.000202s ]
SQL: SELECT * FROM `comment` WHERE ( cmntid=114 ) LIMIT 1   [ RunTime:0.000239s ]
SQL: SELECT `uname`,`uicon` FROM `user` WHERE ( uid=3 ) LIMIT 1   [ RunTime:0.000417s ]
SQL: SELECT `imgpath` FROM `image` WHERE ( iid=1 ) LIMIT 1   [ RunTime:0.000415s ]
SQL: SELECT `uname`,`uicon` FROM `user` WHERE ( uid=4 ) LIMIT 1   [ RunTime:0.000343s ]
SQL: SELECT `imgpath` FROM `image` WHERE ( iid=3 ) LIMIT 1   [ RunTime:0.000389s ]
SQL: SELECT `uname`,`uicon` FROM `user` WHERE ( uid=8 ) LIMIT 1   [ RunTime:0.000434s ]
SQL: SELECT `imgpath` FROM `image` WHERE ( iid=1 ) LIMIT 1   [ RunTime:0.000345s ]
SQL: SELECT `uname`,`uicon` FROM `user` WHERE ( uid=3 ) LIMIT 1   [ RunTime:0.000272s ]
SQL: SELECT `imgpath` FROM `image` WHERE ( iid=1 ) LIMIT 1   [ RunTime:0.000232s ]
SQL: SELECT `uname`,`uicon` FROM `user` WHERE ( uid=8 ) LIMIT 1   [ RunTime:0.000172s ]
SQL: SELECT `imgpath` FROM `image` WHERE ( iid=1 ) LIMIT 1   [ RunTime:0.000157s ]
SQL: SELECT `uname`,`uicon` FROM `user` WHERE ( uid=8 ) LIMIT 1   [ RunTime:0.000224s ]
SQL: SELECT `imgpath` FROM `image` WHERE ( iid=1 ) LIMIT 1   [ RunTime:0.000164s ]
SQL: SELECT `uname`,`uicon` FROM `user` WHERE ( uid=8 ) LIMIT 1   [ RunTime:0.000142s ]
SQL: SELECT `imgpath` FROM `image` WHERE ( iid=1 ) LIMIT 1   [ RunTime:0.000129s ]
SQL: SELECT `uname`,`uicon` FROM `user` WHERE ( uid=8 ) LIMIT 1   [ RunTime:0.000133s ]
SQL: SELECT `imgpath` FROM `image` WHERE ( iid=1 ) LIMIT 1   [ RunTime:0.000127s ]
SQL: SELECT `uname`,`uicon` FROM `user` WHERE ( uid=8 ) LIMIT 1   [ RunTime:0.000130s ]
SQL: SELECT `imgpath` FROM `image` WHERE ( iid=1 ) LIMIT 1   [ RunTime:0.000125s ]
SQL: SELECT `uname`,`uicon` FROM `user` WHERE ( uid=8 ) LIMIT 1   [ RunTime:0.000130s ]
SQL: SELECT `imgpath` FROM `image` WHERE ( iid=1 ) LIMIT 1   [ RunTime:0.000125s ]
SQL: SELECT `uname`,`uicon` FROM `user` WHERE ( uid=8 ) LIMIT 1   [ RunTime:0.000130s ]
SQL: SELECT `imgpath` FROM `image` WHERE ( iid=1 ) LIMIT 1   [ RunTime:0.000124s ]
SQL: SELECT `uname`,`uicon` FROM `user` WHERE ( uid=4 ) LIMIT 1   [ RunTime:0.000176s ]
SQL: SELECT `imgpath` FROM `image` WHERE ( iid=3 ) LIMIT 1   [ RunTime:0.000126s ]
SQL: SELECT `uname`,`uicon` FROM `user` WHERE ( uid=3 ) LIMIT 1   [ RunTime:0.000130s ]
SQL: SELECT `imgpath` FROM `image` WHERE ( iid=1 ) LIMIT 1   [ RunTime:0.000124s ]
SQL: SELECT `uname`,`uicon` FROM `user` WHERE ( uid=8 ) LIMIT 1   [ RunTime:0.000129s ]
SQL: SELECT `imgpath` FROM `image` WHERE ( iid=1 ) LIMIT 1   [ RunTime:0.000123s ]
SQL: SELECT `uname`,`uicon` FROM `user` WHERE ( uid=5 ) LIMIT 1   [ RunTime:0.000128s ]
SQL: SELECT `imgpath` FROM `image` WHERE ( iid=4 ) LIMIT 1   [ RunTime:0.000125s ]
SQL: SELECT `uname`,`uicon` FROM `user` WHERE ( uid=3 ) LIMIT 1   [ RunTime:0.000129s ]
SQL: SELECT `imgpath` FROM `image` WHERE ( iid=1 ) LIMIT 1   [ RunTime:0.000123s ]
SQL: SELECT `uname`,`uicon` FROM `user` WHERE ( uid=4 ) LIMIT 1   [ RunTime:0.000129s ]
SQL: SELECT `imgpath` FROM `image` WHERE ( iid=3 ) LIMIT 1   [ RunTime:0.000124s ]
SQL: SELECT `uname` FROM `user` WHERE ( uid= ) LIMIT 1   [ RunTime:0.000095s ]
ERR: 1064:You have an error in your SQL syntax; check the manual that corresponds to your MySQL server version for the right syntax to use near ') LIMIT 1' at line 1
 [ SQL语句 ] : SELECT `uname` FROM `user` WHERE ( uid= ) LIMIT 1  
SQL: SELECT `uname` FROM `user` WHERE ( uid=3 ) LIMIT 1   [ RunTime:0.000132s ]
SQL: SELECT `uname` FROM `user` WHERE ( uid=4 ) LIMIT 1   [ RunTime:0.000134s ]
SQL: SELECT `uname` FROM `user` WHERE ( uid=4 ) LIMIT 1   [ RunTime:0.000128s ]
SQL: SELECT `uname` FROM `user` WHERE ( uid=4 ) LIMIT 1   [ RunTime:0.000139s ]
SQL: SELECT `uname` FROM `user` WHERE ( uid=4 ) LIMIT 1   [ RunTime:0.000163s ]
SQL: SELECT `uname` FROM `user` WHERE ( uid=4 ) LIMIT 1   [ RunTime:0.000155s ]
SQL: SELECT `uname` FROM `user` WHERE ( uid=4 ) LIMIT 1   [ RunTime:0.000129s ]
SQL: SELECT `uname` FROM `user` WHERE ( uid=8 ) LIMIT 1   [ RunTime:0.000119s ]
SQL: SELECT `uname` FROM `user` WHERE ( uid=8 ) LIMIT 1   [ RunTime:0.000167s ]
SQL: SELECT `uname` FROM `user` WHERE ( uid=8 ) LIMIT 1   [ RunTime:0.000188s ]
SQL: SELECT `uname` FROM `user` WHERE ( uid= ) LIMIT 1   [ RunTime:0.000108s ]
ERR: 1064:You have an error in your SQL syntax; check the manual that corresponds to your MySQL server version for the right syntax to use near ') LIMIT 1' at line 1
 [ SQL语句 ] : SELECT `uname` FROM `user` WHERE ( uid= ) LIMIT 1  
SQL: SELECT `uname` FROM `user` WHERE ( uid=4 ) LIMIT 1   [ RunTime:0.000162s ]
SQL: SELECT `uname` FROM `user` WHERE ( uid=3 ) LIMIT 1   [ RunTime:0.000142s ]
SQL: SELECT `uname` FROM `user` WHERE ( uid= ) LIMIT 1   [ RunTime:0.000116s ]
ERR: 1064:You have an error in your SQL syntax; check the manual that corresponds to your MySQL server version for the right syntax to use near ') LIMIT 1' at line 1
 [ SQL语句 ] : SELECT `uname` FROM `user` WHERE ( uid= ) LIMIT 1  
SQL: SELECT `uname` FROM `user` WHERE ( uid=5 ) LIMIT 1   [ RunTime:0.000203s ]
SQL: SELECT `uname` FROM `user` WHERE ( uid= ) LIMIT 1   [ RunTime:0.000088s ]
ERR: 1064:You have an error in your SQL syntax; check the manual that corresponds to your MySQL server version for the right syntax to use near ') LIMIT 1' at line 1
 [ SQL语句 ] : SELECT `uname` FROM `user` WHERE ( uid= ) LIMIT 1  

[ 2014-10-01T09:59:04+08:00 ] 127.0.0.1 /welfare/index.php/Home/ActivityDisplay/index?acid=1
INFO: [ app_init ] --START--
INFO: Run Behavior\BuildLiteBehavior [ RunTime:0.000015s ]
INFO: [ app_init ] --END-- [ RunTime:0.000350s ]
INFO: [ app_begin ] --START--
INFO: Run Behavior\ReadHtmlCacheBehavior [ RunTime:0.000476s ]
INFO: [ app_begin ] --END-- [ RunTime:0.000534s ]
NOTIC: [8] A session had already been started - ignoring session_start() D:\Program Files (x86)\wamp\www\welfare\Home\Controller\ActivityDisplayController.class.php 第 16 行.
INFO: [ view_parse ] --START--
INFO: [ template_filter ] --START--
INFO: Run Behavior\ContentReplaceBehavior [ RunTime:0.000103s ]
INFO: [ template_filter ] --END-- [ RunTime:0.000171s ]
INFO: Run Behavior\ParseTemplateBehavior [ RunTime:0.016242s ]
INFO: [ view_parse ] --END-- [ RunTime:0.016304s ]
INFO: [ view_filter ] --START--
INFO: Run Behavior\WriteHtmlCacheBehavior [ RunTime:0.000351s ]
INFO: [ view_filter ] --END-- [ RunTime:0.000401s ]
INFO: [ app_end ] --START--
INFO: Run Behavior\ShowPageTraceBehavior [ RunTime:0.000652s ]
INFO: [ app_end ] --END-- [ RunTime:0.000705s ]

[ 2014-10-01T09:59:04+08:00 ] 127.0.0.1 /welfare/index.php/Home/MainNavigation/verify
INFO: [ app_init ] --START--
INFO: Run Behavior\BuildLiteBehavior [ RunTime:0.000058s ]
INFO: [ app_init ] --END-- [ RunTime:0.000935s ]
INFO: [ app_begin ] --START--
INFO: Run Behavior\ReadHtmlCacheBehavior [ RunTime:0.001654s ]
INFO: [ app_begin ] --END-- [ RunTime:0.001862s ]

[ 2014-10-01T09:59:04+08:00 ] 127.0.0.1 /welfare/index.php/Home/ActivityDisplay/holder.js/300x150/auto/
INFO: [ app_init ] --START--
INFO: Run Behavior\BuildLiteBehavior [ RunTime:0.000024s ]
INFO: [ app_init ] --END-- [ RunTime:0.000830s ]
INFO: [ app_begin ] --START--
INFO: Run Behavior\ReadHtmlCacheBehavior [ RunTime:0.001316s ]
INFO: [ app_begin ] --END-- [ RunTime:0.001444s ]
ERR: 非法操作:holder.js

[ 2014-10-01T09:59:05+08:00 ] 127.0.0.1 /welfare/index.php/Home/ActivityDisplay/initate
INFO: [ app_init ] --START--
INFO: Run Behavior\BuildLiteBehavior [ RunTime:0.000027s ]
INFO: [ app_init ] --END-- [ RunTime:0.000584s ]
INFO: [ app_begin ] --START--
INFO: Run Behavior\ReadHtmlCacheBehavior [ RunTime:0.000812s ]
INFO: [ app_begin ] --END-- [ RunTime:0.000917s ]
SQL: SHOW COLUMNS FROM `actfollower` [ RunTime:0.002938s ]
SQL: SHOW COLUMNS FROM `activitytype` [ RunTime:0.003118s ]
SQL: SHOW COLUMNS FROM `sponsor` [ RunTime:0.004119s ]
SQL: SHOW COLUMNS FROM `targetloc` [ RunTime:0.002174s ]
SQL: SHOW COLUMNS FROM `site` [ RunTime:0.002813s ]
SQL: SHOW COLUMNS FROM `actrelcmnt` [ RunTime:0.002327s ]
SQL: SHOW COLUMNS FROM `comment` [ RunTime:0.002764s ]
SQL: SHOW COLUMNS FROM `user` [ RunTime:0.003285s ]
SQL: SHOW COLUMNS FROM `image` [ RunTime:0.002137s ]
SQL: SHOW COLUMNS FROM `activity` [ RunTime:0.002109s ]
SQL: SELECT * FROM `activity` WHERE ( aid=1 ) LIMIT 1   [ RunTime:0.000421s ]
SQL: SELECT `imgpath` FROM `image` WHERE ( iid=6 ) LIMIT 1   [ RunTime:0.000147s ]
SQL: SELECT `siteid` FROM `targetloc` WHERE ( aid=1 )  [ RunTime:0.000197s ]
SQL: SELECT `sitename` FROM `site` WHERE ( siteid=1 ) LIMIT 1   [ RunTime:0.000150s ]
SQL: SELECT `atypename` FROM `activitytype` WHERE ( atypeid=1 ) LIMIT 1   [ RunTime:0.000137s ]
SQL: SELECT `actfollowuid` FROM `actfollower` WHERE ( aid=1 )  [ RunTime:0.000151s ]
SQL: SELECT * FROM `user` WHERE ( uid=3 ) LIMIT 1   [ RunTime:0.000169s ]
SQL: SELECT `imgpath` FROM `image` WHERE ( iid=1 ) LIMIT 1   [ RunTime:0.000138s ]
SQL: SELECT * FROM `user` WHERE ( uid=4 ) LIMIT 1   [ RunTime:0.000162s ]
SQL: SELECT `imgpath` FROM `image` WHERE ( iid=3 ) LIMIT 1   [ RunTime:0.000142s ]
SQL: SELECT * FROM `user` WHERE ( uid=5 ) LIMIT 1   [ RunTime:0.000162s ]
SQL: SELECT `imgpath` FROM `image` WHERE ( iid=4 ) LIMIT 1   [ RunTime:0.000164s ]
SQL: SELECT `sponsoruid` FROM `sponsor` WHERE ( aid=1 )  [ RunTime:0.000166s ]
SQL: SELECT `uname` FROM `user` WHERE ( uid=3 ) LIMIT 1   [ RunTime:0.000145s ]
SQL: SELECT `uname` FROM `user` WHERE ( uid=4 ) LIMIT 1   [ RunTime:0.000137s ]
SQL: SELECT `cmntid` FROM `actrelcmnt` WHERE ( aid=1 )  [ RunTime:0.000150s ]
SQL: SELECT * FROM `comment` WHERE ( recmntid is null and rtcmntid is null and cmntid=1 ) LIMIT 1   [ RunTime:0.000167s ]
SQL: SELECT * FROM `comment` WHERE ( recmntid is null and rtcmntid is null and cmntid=2 ) LIMIT 1   [ RunTime:0.000151s ]
SQL: SELECT * FROM `comment` WHERE ( recmntid is null and rtcmntid is null and cmntid=3 ) LIMIT 1   [ RunTime:0.000145s ]
SQL: SELECT * FROM `comment` WHERE ( recmntid is null and rtcmntid is null and cmntid=4 ) LIMIT 1   [ RunTime:0.000144s ]
SQL: SELECT * FROM `comment` WHERE ( recmntid is null and rtcmntid is null and cmntid=5 ) LIMIT 1   [ RunTime:0.000146s ]
SQL: SELECT * FROM `comment` WHERE ( recmntid is null and rtcmntid is null and cmntid=6 ) LIMIT 1   [ RunTime:0.000145s ]
SQL: SELECT * FROM `comment` WHERE ( recmntid is null and rtcmntid is null and cmntid=7 ) LIMIT 1   [ RunTime:0.000181s ]
SQL: SELECT * FROM `comment` WHERE ( recmntid is null and rtcmntid is null and cmntid=8 ) LIMIT 1   [ RunTime:0.000179s ]
SQL: SELECT * FROM `comment` WHERE ( recmntid is null and rtcmntid is null and cmntid=9 ) LIMIT 1   [ RunTime:0.000198s ]
SQL: SELECT * FROM `comment` WHERE ( recmntid is null and rtcmntid is null and cmntid=10 ) LIMIT 1   [ RunTime:0.000154s ]
SQL: SELECT * FROM `comment` WHERE ( recmntid is null and rtcmntid is null and cmntid=111 ) LIMIT 1   [ RunTime:0.000179s ]
SQL: SELECT * FROM `comment` WHERE ( recmntid is null and rtcmntid is null and cmntid=112 ) LIMIT 1   [ RunTime:0.000175s ]
SQL: SELECT * FROM `comment` WHERE ( recmntid is null and rtcmntid is null and cmntid=113 ) LIMIT 1   [ RunTime:0.000180s ]
SQL: SELECT * FROM `comment` WHERE ( recmntid is null and rtcmntid is null and cmntid=114 ) LIMIT 1   [ RunTime:0.000180s ]
SQL: SELECT * FROM `comment` WHERE ( recmntid is null and rtcmntid is null and cmntid=115 ) LIMIT 1   [ RunTime:0.000181s ]
SQL: SELECT * FROM `comment` WHERE ( recmntid is null and rtcmntid is null and cmntid=116 ) LIMIT 1   [ RunTime:0.000187s ]
SQL: SELECT * FROM `comment` WHERE ( recmntid is null and rtcmntid is null and cmntid=117 ) LIMIT 1   [ RunTime:0.000176s ]
SQL: SELECT * FROM `comment` WHERE ( cmntid=1 and recmntid is not null and rtcmntid is not null ) LIMIT 1   [ RunTime:0.000236s ]
SQL: SELECT * FROM `comment` WHERE ( cmntid=2 and recmntid is not null and rtcmntid is not null ) LIMIT 1   [ RunTime:0.000201s ]
SQL: SELECT * FROM `comment` WHERE ( cmntid=3 and recmntid is not null and rtcmntid is not null ) LIMIT 1   [ RunTime:0.000207s ]
SQL: SELECT * FROM `comment` WHERE ( cmntid=4 and recmntid is not null and rtcmntid is not null ) LIMIT 1   [ RunTime:0.000217s ]
SQL: SELECT * FROM `comment` WHERE ( cmntid=5 and recmntid is not null and rtcmntid is not null ) LIMIT 1   [ RunTime:0.000228s ]
SQL: SELECT * FROM `comment` WHERE ( cmntid=1 ) LIMIT 1   [ RunTime:0.000188s ]
SQL: SELECT * FROM `comment` WHERE ( cmntid=6 and recmntid is not null and rtcmntid is not null ) LIMIT 1   [ RunTime:0.000204s ]
SQL: SELECT * FROM `comment` WHERE ( cmntid=2 ) LIMIT 1   [ RunTime:0.000226s ]
SQL: SELECT * FROM `comment` WHERE ( cmntid=7 and recmntid is not null and rtcmntid is not null ) LIMIT 1   [ RunTime:0.000223s ]
SQL: SELECT * FROM `comment` WHERE ( cmntid=5 ) LIMIT 1   [ RunTime:0.000240s ]
SQL: SELECT * FROM `comment` WHERE ( cmntid=8 and recmntid is not null and rtcmntid is not null ) LIMIT 1   [ RunTime:0.000253s ]
SQL: SELECT * FROM `comment` WHERE ( cmntid=5 ) LIMIT 1   [ RunTime:0.000268s ]
SQL: SELECT * FROM `comment` WHERE ( cmntid=9 and recmntid is not null and rtcmntid is not null ) LIMIT 1   [ RunTime:0.000278s ]
SQL: SELECT * FROM `comment` WHERE ( cmntid=6 ) LIMIT 1   [ RunTime:0.000260s ]
SQL: SELECT * FROM `comment` WHERE ( cmntid=10 and recmntid is not null and rtcmntid is not null ) LIMIT 1   [ RunTime:0.000294s ]
SQL: SELECT * FROM `comment` WHERE ( cmntid=3 ) LIMIT 1   [ RunTime:0.000258s ]
SQL: SELECT * FROM `comment` WHERE ( cmntid=111 and recmntid is not null and rtcmntid is not null ) LIMIT 1   [ RunTime:0.000278s ]
SQL: SELECT * FROM `comment` WHERE ( cmntid=5 ) LIMIT 1   [ RunTime:0.000278s ]
SQL: SELECT * FROM `comment` WHERE ( cmntid=112 and recmntid is not null and rtcmntid is not null ) LIMIT 1   [ RunTime:0.000291s ]
SQL: SELECT * FROM `comment` WHERE ( cmntid=5 ) LIMIT 1   [ RunTime:0.000285s ]
SQL: SELECT * FROM `comment` WHERE ( cmntid=113 and recmntid is not null and rtcmntid is not null ) LIMIT 1   [ RunTime:0.000278s ]
SQL: SELECT * FROM `comment` WHERE ( cmntid=5 ) LIMIT 1   [ RunTime:0.000266s ]
SQL: SELECT * FROM `comment` WHERE ( cmntid=114 and recmntid is not null and rtcmntid is not null ) LIMIT 1   [ RunTime:0.000278s ]
SQL: SELECT * FROM `comment` WHERE ( cmntid=5 ) LIMIT 1   [ RunTime:0.000255s ]
SQL: SELECT * FROM `comment` WHERE ( cmntid=115 and recmntid is not null and rtcmntid is not null ) LIMIT 1   [ RunTime:0.000253s ]
SQL: SELECT * FROM `comment` WHERE ( cmntid=114 ) LIMIT 1   [ RunTime:0.000255s ]
SQL: SELECT * FROM `comment` WHERE ( cmntid=116 and recmntid is not null and rtcmntid is not null ) LIMIT 1   [ RunTime:0.000250s ]
SQL: SELECT * FROM `comment` WHERE ( cmntid=114 ) LIMIT 1   [ RunTime:0.000248s ]
SQL: SELECT * FROM `comment` WHERE ( cmntid=117 and recmntid is not null and rtcmntid is not null ) LIMIT 1   [ RunTime:0.000270s ]
SQL: SELECT * FROM `comment` WHERE ( cmntid=114 ) LIMIT 1   [ RunTime:0.000261s ]
SQL: SELECT `uname`,`uicon` FROM `user` WHERE ( uid=3 ) LIMIT 1   [ RunTime:0.000266s ]
SQL: SELECT `imgpath` FROM `image` WHERE ( iid=1 ) LIMIT 1   [ RunTime:0.000227s ]
SQL: SELECT `uname`,`uicon` FROM `user` WHERE ( uid=4 ) LIMIT 1   [ RunTime:0.000269s ]
SQL: SELECT `imgpath` FROM `image` WHERE ( iid=3 ) LIMIT 1   [ RunTime:0.000220s ]
SQL: SELECT `uname`,`uicon` FROM `user` WHERE ( uid=8 ) LIMIT 1   [ RunTime:0.000234s ]
SQL: SELECT `imgpath` FROM `image` WHERE ( iid=1 ) LIMIT 1   [ RunTime:0.000199s ]
SQL: SELECT `uname`,`uicon` FROM `user` WHERE ( uid=3 ) LIMIT 1   [ RunTime:0.000196s ]
SQL: SELECT `imgpath` FROM `image` WHERE ( iid=1 ) LIMIT 1   [ RunTime:0.000173s ]
SQL: SELECT `uname`,`uicon` FROM `user` WHERE ( uid=8 ) LIMIT 1   [ RunTime:0.000236s ]
SQL: SELECT `imgpath` FROM `image` WHERE ( iid=1 ) LIMIT 1   [ RunTime:0.000204s ]
SQL: SELECT `uname`,`uicon` FROM `user` WHERE ( uid=8 ) LIMIT 1   [ RunTime:0.000227s ]
SQL: SELECT `imgpath` FROM `image` WHERE ( iid=1 ) LIMIT 1   [ RunTime:0.000199s ]
SQL: SELECT `uname`,`uicon` FROM `user` WHERE ( uid=8 ) LIMIT 1   [ RunTime:0.000185s ]
SQL: SELECT `imgpath` FROM `image` WHERE ( iid=1 ) LIMIT 1   [ RunTime:0.000198s ]
SQL: SELECT `uname`,`uicon` FROM `user` WHERE ( uid=8 ) LIMIT 1   [ RunTime:0.000198s ]
SQL: SELECT `imgpath` FROM `image` WHERE ( iid=1 ) LIMIT 1   [ RunTime:0.000172s ]
SQL: SELECT `uname`,`uicon` FROM `user` WHERE ( uid=8 ) LIMIT 1   [ RunTime:0.000181s ]
SQL: SELECT `imgpath` FROM `image` WHERE ( iid=1 ) LIMIT 1   [ RunTime:0.000200s ]
SQL: SELECT `uname`,`uicon` FROM `user` WHERE ( uid=8 ) LIMIT 1   [ RunTime:0.000196s ]
SQL: SELECT `imgpath` FROM `image` WHERE ( iid=1 ) LIMIT 1   [ RunTime:0.000175s ]
SQL: SELECT `uname`,`uicon` FROM `user` WHERE ( uid=8 ) LIMIT 1   [ RunTime:0.000185s ]
SQL: SELECT `imgpath` FROM `image` WHERE ( iid=1 ) LIMIT 1   [ RunTime:0.000194s ]
SQL: SELECT `uname`,`uicon` FROM `user` WHERE ( uid=4 ) LIMIT 1   [ RunTime:0.000189s ]
SQL: SELECT `imgpath` FROM `image` WHERE ( iid=3 ) LIMIT 1   [ RunTime:0.000175s ]
SQL: SELECT `uname`,`uicon` FROM `user` WHERE ( uid=3 ) LIMIT 1   [ RunTime:0.000179s ]
SQL: SELECT `imgpath` FROM `image` WHERE ( iid=1 ) LIMIT 1   [ RunTime:0.000149s ]
SQL: SELECT `uname`,`uicon` FROM `user` WHERE ( uid=8 ) LIMIT 1   [ RunTime:0.000180s ]
SQL: SELECT `imgpath` FROM `image` WHERE ( iid=1 ) LIMIT 1   [ RunTime:0.000182s ]
SQL: SELECT `uname`,`uicon` FROM `user` WHERE ( uid=5 ) LIMIT 1   [ RunTime:0.000191s ]
SQL: SELECT `imgpath` FROM `image` WHERE ( iid=4 ) LIMIT 1   [ RunTime:0.000191s ]
SQL: SELECT `uname`,`uicon` FROM `user` WHERE ( uid=3 ) LIMIT 1   [ RunTime:0.000213s ]
SQL: SELECT `imgpath` FROM `image` WHERE ( iid=1 ) LIMIT 1   [ RunTime:0.000185s ]
SQL: SELECT `uname`,`uicon` FROM `user` WHERE ( uid=4 ) LIMIT 1   [ RunTime:0.000195s ]
SQL: SELECT `imgpath` FROM `image` WHERE ( iid=3 ) LIMIT 1   [ RunTime:0.000167s ]
SQL: SELECT `uname` FROM `user` WHERE ( uid= ) LIMIT 1   [ RunTime:0.000112s ]
ERR: 1064:You have an error in your SQL syntax; check the manual that corresponds to your MySQL server version for the right syntax to use near ') LIMIT 1' at line 1
 [ SQL语句 ] : SELECT `uname` FROM `user` WHERE ( uid= ) LIMIT 1  
SQL: SELECT `uname` FROM `user` WHERE ( uid=3 ) LIMIT 1   [ RunTime:0.000198s ]
SQL: SELECT `uname` FROM `user` WHERE ( uid=4 ) LIMIT 1   [ RunTime:0.000208s ]
SQL: SELECT `uname` FROM `user` WHERE ( uid=4 ) LIMIT 1   [ RunTime:0.000203s ]
SQL: SELECT `uname` FROM `user` WHERE ( uid=4 ) LIMIT 1   [ RunTime:0.000185s ]
SQL: SELECT `uname` FROM `user` WHERE ( uid=4 ) LIMIT 1   [ RunTime:0.000181s ]
SQL: SELECT `uname` FROM `user` WHERE ( uid=4 ) LIMIT 1   [ RunTime:0.000177s ]
SQL: SELECT `uname` FROM `user` WHERE ( uid=4 ) LIMIT 1   [ RunTime:0.000185s ]
SQL: SELECT `uname` FROM `user` WHERE ( uid=8 ) LIMIT 1   [ RunTime:0.000181s ]
SQL: SELECT `uname` FROM `user` WHERE ( uid=8 ) LIMIT 1   [ RunTime:0.000163s ]
SQL: SELECT `uname` FROM `user` WHERE ( uid=8 ) LIMIT 1   [ RunTime:0.000152s ]
SQL: SELECT `uname` FROM `user` WHERE ( uid= ) LIMIT 1   [ RunTime:0.000112s ]
ERR: 1064:You have an error in your SQL syntax; check the manual that corresponds to your MySQL server version for the right syntax to use near ') LIMIT 1' at line 1
 [ SQL语句 ] : SELECT `uname` FROM `user` WHERE ( uid= ) LIMIT 1  
SQL: SELECT `uname` FROM `user` WHERE ( uid=4 ) LIMIT 1   [ RunTime:0.000206s ]
SQL: SELECT `uname` FROM `user` WHERE ( uid=3 ) LIMIT 1   [ RunTime:0.000237s ]
SQL: SELECT `uname` FROM `user` WHERE ( uid= ) LIMIT 1   [ RunTime:0.000150s ]
ERR: 1064:You have an error in your SQL syntax; check the manual that corresponds to your MySQL server version for the right syntax to use near ') LIMIT 1' at line 1
 [ SQL语句 ] : SELECT `uname` FROM `user` WHERE ( uid= ) LIMIT 1  
SQL: SELECT `uname` FROM `user` WHERE ( uid=5 ) LIMIT 1   [ RunTime:0.000259s ]
SQL: SELECT `uname` FROM `user` WHERE ( uid= ) LIMIT 1   [ RunTime:0.000166s ]
ERR: 1064:You have an error in your SQL syntax; check the manual that corresponds to your MySQL server version for the right syntax to use near ') LIMIT 1' at line 1
 [ SQL语句 ] : SELECT `uname` FROM `user` WHERE ( uid= ) LIMIT 1  

[ 2014-10-01T09:59:08+08:00 ] 127.0.0.1 /welfare/index.php/Home/ActivityDisplay/activity_feedback.html
INFO: [ app_init ] --START--
INFO: Run Behavior\BuildLiteBehavior [ RunTime:0.000014s ]
INFO: [ app_init ] --END-- [ RunTime:0.000349s ]
INFO: [ app_begin ] --START--
INFO: Run Behavior\ReadHtmlCacheBehavior [ RunTime:0.000481s ]
INFO: [ app_begin ] --END-- [ RunTime:0.000539s ]
ERR: 非法操作:activity_feedback

[ 2014-10-01T10:02:34+08:00 ] 127.0.0.1 /welfare/index.php/Home/Tmp
INFO: [ app_init ] --START--
INFO: Run Behavior\BuildLiteBehavior [ RunTime:0.000041s ]
INFO: [ app_init ] --END-- [ RunTime:0.001281s ]
INFO: [ app_begin ] --START--
INFO: Run Behavior\ReadHtmlCacheBehavior [ RunTime:0.001145s ]
INFO: [ app_begin ] --END-- [ RunTime:0.001251s ]

[ 2014-10-01T10:03:49+08:00 ] 127.0.0.1 /welfare/index.php/Home/Tmp
INFO: [ app_init ] --START--
INFO: Run Behavior\BuildLiteBehavior [ RunTime:0.000040s ]
INFO: [ app_init ] --END-- [ RunTime:0.001336s ]
INFO: [ app_begin ] --START--
INFO: Run Behavior\ReadHtmlCacheBehavior [ RunTime:0.001093s ]
INFO: [ app_begin ] --END-- [ RunTime:0.001200s ]
INFO: [ view_parse ] --START--
INFO: [ template_filter ] --START--
INFO: Run Behavior\ContentReplaceBehavior [ RunTime:0.000069s ]
INFO: [ template_filter ] --END-- [ RunTime:0.000173s ]
INFO: Run Behavior\ParseTemplateBehavior [ RunTime:0.010510s ]
INFO: [ view_parse ] --END-- [ RunTime:0.010616s ]
INFO: [ view_filter ] --START--
INFO: Run Behavior\WriteHtmlCacheBehavior [ RunTime:0.000577s ]
INFO: [ view_filter ] --END-- [ RunTime:0.000669s ]
INFO: [ app_end ] --START--
INFO: Run Behavior\ShowPageTraceBehavior [ RunTime:0.001242s ]
INFO: [ app_end ] --END-- [ RunTime:0.001366s ]

[ 2014-10-01T10:03:49+08:00 ] 127.0.0.1 /welfare/index.php/Home/jquery.uploadify.min.js
INFO: [ app_init ] --START--
INFO: Run Behavior\BuildLiteBehavior [ RunTime:0.000025s ]
INFO: [ app_init ] --END-- [ RunTime:0.000559s ]
INFO: [ app_begin ] --START--
INFO: Run Behavior\ReadHtmlCacheBehavior [ RunTime:0.000912s ]
INFO: [ app_begin ] --END-- [ RunTime:0.001020s ]
ERR: 无法加载控制器:Jquery.uploadify.min

[ 2014-10-01T10:03:49+08:00 ] 127.0.0.1 /welfare/index.php/Home/uploadify.css
INFO: [ app_init ] --START--
INFO: Run Behavior\BuildLiteBehavior [ RunTime:0.000018s ]
INFO: [ app_init ] --END-- [ RunTime:0.000507s ]
INFO: [ app_begin ] --START--
INFO: Run Behavior\ReadHtmlCacheBehavior [ RunTime:0.000716s ]
INFO: [ app_begin ] --END-- [ RunTime:0.000787s ]
ERR: 无法加载控制器:Uploadify

[ 2014-10-01T10:10:58+08:00 ] 127.0.0.1 /welfare/index.php/Home/Tmp
INFO: [ app_init ] --START--
INFO: Run Behavior\BuildLiteBehavior [ RunTime:0.000025s ]
INFO: [ app_init ] --END-- [ RunTime:0.000786s ]
INFO: [ app_begin ] --START--
INFO: Run Behavior\ReadHtmlCacheBehavior [ RunTime:0.001347s ]
INFO: [ app_begin ] --END-- [ RunTime:0.001496s ]
INFO: [ view_parse ] --START--
INFO: [ template_filter ] --START--
INFO: Run Behavior\ContentReplaceBehavior [ RunTime:0.000071s ]
INFO: [ template_filter ] --END-- [ RunTime:0.000188s ]
INFO: Run Behavior\ParseTemplateBehavior [ RunTime:0.010857s ]
INFO: [ view_parse ] --END-- [ RunTime:0.010977s ]
INFO: [ view_filter ] --START--
INFO: Run Behavior\WriteHtmlCacheBehavior [ RunTime:0.000621s ]
INFO: [ view_filter ] --END-- [ RunTime:0.000717s ]
INFO: [ app_end ] --START--
INFO: Run Behavior\ShowPageTraceBehavior [ RunTime:0.001267s ]
INFO: [ app_end ] --END-- [ RunTime:0.001344s ]

[ 2014-10-01T10:10:58+08:00 ] 127.0.0.1 /welfare/index.php/Home/uploadify.swf?preventswfcaching=1412129458817
INFO: [ app_init ] --START--
INFO: Run Behavior\BuildLiteBehavior [ RunTime:0.000025s ]
INFO: [ app_init ] --END-- [ RunTime:0.001031s ]
INFO: [ app_begin ] --START--
INFO: Run Behavior\ReadHtmlCacheBehavior [ RunTime:0.001333s ]
INFO: [ app_begin ] --END-- [ RunTime:0.001510s ]
ERR: 无法加载控制器:Uploadify

[ 2014-10-01T10:11:04+08:00 ] 127.0.0.1 /welfare/index.php/Home/Tmp
INFO: [ app_init ] --START--
INFO: Run Behavior\BuildLiteBehavior [ RunTime:0.000030s ]
INFO: [ app_init ] --END-- [ RunTime:0.000674s ]
INFO: [ app_begin ] --START--
INFO: Run Behavior\ReadHtmlCacheBehavior [ RunTime:0.001723s ]
INFO: [ app_begin ] --END-- [ RunTime:0.001991s ]
INFO: [ view_parse ] --START--
INFO: [ template_filter ] --START--
INFO: Run Behavior\ContentReplaceBehavior [ RunTime:0.000123s ]
INFO: [ template_filter ] --END-- [ RunTime:0.000510s ]
INFO: Run Behavior\ParseTemplateBehavior [ RunTime:0.014026s ]
INFO: [ view_parse ] --END-- [ RunTime:0.014105s ]
INFO: [ view_filter ] --START--
INFO: Run Behavior\WriteHtmlCacheBehavior [ RunTime:0.000378s ]
INFO: [ view_filter ] --END-- [ RunTime:0.000433s ]
INFO: [ app_end ] --START--
INFO: Run Behavior\ShowPageTraceBehavior [ RunTime:0.000647s ]
INFO: [ app_end ] --END-- [ RunTime:0.000704s ]

[ 2014-10-01T10:11:04+08:00 ] 127.0.0.1 /welfare/index.php/Home/uploadify.swf?preventswfcaching=1412129464835
INFO: [ app_init ] --START--
INFO: Run Behavior\BuildLiteBehavior [ RunTime:0.000022s ]
INFO: [ app_init ] --END-- [ RunTime:0.000487s ]
INFO: [ app_begin ] --START--
INFO: Run Behavior\ReadHtmlCacheBehavior [ RunTime:0.000722s ]
INFO: [ app_begin ] --END-- [ RunTime:0.000807s ]
ERR: 无法加载控制器:Uploadify

[ 2014-10-01T10:11:30+08:00 ] 127.0.0.1 /welfare/index.php/Home/Tmp
INFO: [ app_init ] --START--
INFO: Run Behavior\BuildLiteBehavior [ RunTime:0.000035s ]
INFO: [ app_init ] --END-- [ RunTime:0.000870s ]
INFO: [ app_begin ] --START--
INFO: Run Behavior\ReadHtmlCacheBehavior [ RunTime:0.001212s ]
INFO: [ app_begin ] --END-- [ RunTime:0.001374s ]
INFO: [ view_parse ] --START--
INFO: [ template_filter ] --START--
INFO: Run Behavior\ContentReplaceBehavior [ RunTime:0.000112s ]
INFO: [ template_filter ] --END-- [ RunTime:0.000307s ]
INFO: Run Behavior\ParseTemplateBehavior [ RunTime:0.008577s ]
INFO: [ view_parse ] --END-- [ RunTime:0.008697s ]
INFO: [ view_filter ] --START--
INFO: Run Behavior\WriteHtmlCacheBehavior [ RunTime:0.000455s ]
INFO: [ view_filter ] --END-- [ RunTime:0.000554s ]
INFO: [ app_end ] --START--
INFO: Run Behavior\ShowPageTraceBehavior [ RunTime:0.000910s ]
INFO: [ app_end ] --END-- [ RunTime:0.001004s ]

[ 2014-10-01T10:12:39+08:00 ] 127.0.0.1 /welfare/index.php/Home/Tmp
INFO: [ app_init ] --START--
INFO: Run Behavior\BuildLiteBehavior [ RunTime:0.000040s ]
INFO: [ app_init ] --END-- [ RunTime:0.001151s ]
INFO: [ app_begin ] --START--
INFO: Run Behavior\ReadHtmlCacheBehavior [ RunTime:0.001128s ]
INFO: [ app_begin ] --END-- [ RunTime:0.001236s ]
INFO: [ view_parse ] --START--
INFO: [ template_filter ] --START--
INFO: Run Behavior\ContentReplaceBehavior [ RunTime:0.000074s ]
INFO: [ template_filter ] --END-- [ RunTime:0.000189s ]
INFO: Run Behavior\ParseTemplateBehavior [ RunTime:0.010168s ]
INFO: [ view_parse ] --END-- [ RunTime:0.010274s ]
INFO: [ view_filter ] --START--
INFO: Run Behavior\WriteHtmlCacheBehavior [ RunTime:0.000594s ]
INFO: [ view_filter ] --END-- [ RunTime:0.000681s ]
INFO: [ app_end ] --START--
INFO: Run Behavior\ShowPageTraceBehavior [ RunTime:0.001243s ]
INFO: [ app_end ] --END-- [ RunTime:0.001336s ]

[ 2014-10-01T10:12:39+08:00 ] 127.0.0.1 /welfare/index.php/Home/uploadify.swf?preventswfcaching=1412129559581
INFO: [ app_init ] --START--
INFO: Run Behavior\BuildLiteBehavior [ RunTime:0.000035s ]
INFO: [ app_init ] --END-- [ RunTime:0.000935s ]
INFO: [ app_begin ] --START--
INFO: Run Behavior\ReadHtmlCacheBehavior [ RunTime:0.000751s ]
INFO: [ app_begin ] --END-- [ RunTime:0.000834s ]
ERR: 无法加载控制器:Uploadify

[ 2014-10-01T10:14:36+08:00 ] 127.0.0.1 /welfare/index.php/Home/ActivityDisplay/activity_feedback.html
INFO: [ app_init ] --START--
INFO: Run Behavior\BuildLiteBehavior [ RunTime:0.000022s ]
INFO: [ app_init ] --END-- [ RunTime:0.000559s ]
INFO: [ app_begin ] --START--
INFO: Run Behavior\ReadHtmlCacheBehavior [ RunTime:0.000791s ]
INFO: [ app_begin ] --END-- [ RunTime:0.000872s ]
ERR: 非法操作:activity_feedback

[ 2014-10-01T10:14:47+08:00 ] 127.0.0.1 /welfare/index.php/Home/Tmp
INFO: [ app_init ] --START--
INFO: Run Behavior\BuildLiteBehavior [ RunTime:0.000015s ]
INFO: [ app_init ] --END-- [ RunTime:0.000454s ]
INFO: [ app_begin ] --START--
INFO: Run Behavior\ReadHtmlCacheBehavior [ RunTime:0.000838s ]
INFO: [ app_begin ] --END-- [ RunTime:0.000918s ]
INFO: [ view_parse ] --START--
INFO: [ template_filter ] --START--
INFO: Run Behavior\ContentReplaceBehavior [ RunTime:0.000041s ]
INFO: [ template_filter ] --END-- [ RunTime:0.000104s ]
INFO: Run Behavior\ParseTemplateBehavior [ RunTime:0.011254s ]
INFO: [ view_parse ] --END-- [ RunTime:0.011326s ]
INFO: [ view_filter ] --START--
INFO: Run Behavior\WriteHtmlCacheBehavior [ RunTime:0.000337s ]
INFO: [ view_filter ] --END-- [ RunTime:0.000387s ]
INFO: [ app_end ] --START--
INFO: Run Behavior\ShowPageTraceBehavior [ RunTime:0.000640s ]
INFO: [ app_end ] --END-- [ RunTime:0.000693s ]

[ 2014-10-01T10:14:54+08:00 ] 127.0.0.1 /welfare/index.php/Home/Tmp
INFO: [ app_init ] --START--
INFO: Run Behavior\BuildLiteBehavior [ RunTime:0.000015s ]
INFO: [ app_init ] --END-- [ RunTime:0.000393s ]
INFO: [ app_begin ] --START--
INFO: Run Behavior\ReadHtmlCacheBehavior [ RunTime:0.000644s ]
INFO: [ app_begin ] --END-- [ RunTime:0.000707s ]
INFO: [ view_parse ] --START--
INFO: [ template_filter ] --START--
INFO: Run Behavior\ContentReplaceBehavior [ RunTime:0.000039s ]
INFO: [ template_filter ] --END-- [ RunTime:0.000099s ]
INFO: Run Behavior\ParseTemplateBehavior [ RunTime:0.005888s ]
INFO: [ view_parse ] --END-- [ RunTime:0.005950s ]
INFO: [ view_filter ] --START--
INFO: Run Behavior\WriteHtmlCacheBehavior [ RunTime:0.000349s ]
INFO: [ view_filter ] --END-- [ RunTime:0.000401s ]
INFO: [ app_end ] --START--
INFO: Run Behavior\ShowPageTraceBehavior [ RunTime:0.000654s ]
INFO: [ app_end ] --END-- [ RunTime:0.000709s ]

[ 2014-10-01T10:19:15+08:00 ] 127.0.0.1 /welfare/index.php/Home/Tmp
INFO: [ app_init ] --START--
INFO: Run Behavior\BuildLiteBehavior [ RunTime:0.000041s ]
INFO: [ app_init ] --END-- [ RunTime:0.001430s ]
INFO: [ app_begin ] --START--
INFO: Run Behavior\ReadHtmlCacheBehavior [ RunTime:0.001288s ]
INFO: [ app_begin ] --END-- [ RunTime:0.001426s ]
INFO: [ view_parse ] --START--
INFO: [ template_filter ] --START--
INFO: Run Behavior\ContentReplaceBehavior [ RunTime:0.000067s ]
INFO: [ template_filter ] --END-- [ RunTime:0.000164s ]
INFO: Run Behavior\ParseTemplateBehavior [ RunTime:0.010595s ]
INFO: [ view_parse ] --END-- [ RunTime:0.010702s ]
INFO: [ view_filter ] --START--
INFO: Run Behavior\WriteHtmlCacheBehavior [ RunTime:0.000580s ]
INFO: [ view_filter ] --END-- [ RunTime:0.000665s ]
INFO: [ app_end ] --START--
INFO: Run Behavior\ShowPageTraceBehavior [ RunTime:0.001128s ]
INFO: [ app_end ] --END-- [ RunTime:0.001220s ]

[ 2014-10-01T10:24:00+08:00 ] 127.0.0.1 /welfare/index.php/Home/Tmp
INFO: [ app_init ] --START--
INFO: Run Behavior\BuildLiteBehavior [ RunTime:0.000040s ]
INFO: [ app_init ] --END-- [ RunTime:0.001156s ]
INFO: [ app_begin ] --START--
INFO: Run Behavior\ReadHtmlCacheBehavior [ RunTime:0.001973s ]
INFO: [ app_begin ] --END-- [ RunTime:0.002166s ]
INFO: [ view_parse ] --START--
INFO: [ template_filter ] --START--
INFO: Run Behavior\ContentReplaceBehavior [ RunTime:0.000119s ]
INFO: [ template_filter ] --END-- [ RunTime:0.000303s ]
INFO: Run Behavior\ParseTemplateBehavior [ RunTime:0.017829s ]
INFO: [ view_parse ] --END-- [ RunTime:0.018020s ]
INFO: [ view_filter ] --START--
INFO: Run Behavior\WriteHtmlCacheBehavior [ RunTime:0.001019s ]
INFO: [ view_filter ] --END-- [ RunTime:0.001172s ]
INFO: [ app_end ] --START--
INFO: Run Behavior\ShowPageTraceBehavior [ RunTime:0.001656s ]
INFO: [ app_end ] --END-- [ RunTime:0.001772s ]

[ 2014-10-01T10:28:53+08:00 ] 127.0.0.1 /welfare/index.php/Home/Tmp
INFO: [ app_init ] --START--
INFO: Run Behavior\BuildLiteBehavior [ RunTime:0.000040s ]
INFO: [ app_init ] --END-- [ RunTime:0.001225s ]
INFO: [ app_begin ] --START--
INFO: Run Behavior\ReadHtmlCacheBehavior [ RunTime:0.002261s ]
INFO: [ app_begin ] --END-- [ RunTime:0.002513s ]
INFO: [ view_parse ] --START--
INFO: [ template_filter ] --START--
INFO: Run Behavior\ContentReplaceBehavior [ RunTime:0.000070s ]
INFO: [ template_filter ] --END-- [ RunTime:0.000189s ]
INFO: Run Behavior\ParseTemplateBehavior [ RunTime:0.010954s ]
INFO: [ view_parse ] --END-- [ RunTime:0.011067s ]
INFO: [ view_filter ] --START--
INFO: Run Behavior\WriteHtmlCacheBehavior [ RunTime:0.000617s ]
INFO: [ view_filter ] --END-- [ RunTime:0.000710s ]
INFO: [ app_end ] --START--
INFO: Run Behavior\ShowPageTraceBehavior [ RunTime:0.001334s ]
INFO: [ app_end ] --END-- [ RunTime:0.001427s ]

[ 2014-10-01T10:29:07+08:00 ] 127.0.0.1 /welfare/index.php/Home/Tmp/inde
INFO: [ app_init ] --START--
INFO: Run Behavior\BuildLiteBehavior [ RunTime:0.000014s ]
INFO: [ app_init ] --END-- [ RunTime:0.000391s ]
INFO: [ app_begin ] --START--
INFO: Run Behavior\ReadHtmlCacheBehavior [ RunTime:0.000665s ]
INFO: [ app_begin ] --END-- [ RunTime:0.000727s ]
ERR: 非法操作:inde

[ 2014-10-01T10:29:18+08:00 ] 127.0.0.1 /welfare/index.php/Home/Tmp/index
INFO: [ app_init ] --START--
INFO: Run Behavior\BuildLiteBehavior [ RunTime:0.000013s ]
INFO: [ app_init ] --END-- [ RunTime:0.000393s ]
INFO: [ app_begin ] --START--
INFO: Run Behavior\ReadHtmlCacheBehavior [ RunTime:0.000505s ]
INFO: [ app_begin ] --END-- [ RunTime:0.000564s ]
INFO: [ view_parse ] --START--
INFO: [ template_filter ] --START--
INFO: Run Behavior\ContentReplaceBehavior [ RunTime:0.000040s ]
INFO: [ template_filter ] --END-- [ RunTime:0.000100s ]
INFO: Run Behavior\ParseTemplateBehavior [ RunTime:0.005675s ]
INFO: [ view_parse ] --END-- [ RunTime:0.005737s ]
INFO: [ view_filter ] --START--
INFO: Run Behavior\WriteHtmlCacheBehavior [ RunTime:0.000190s ]
INFO: [ view_filter ] --END-- [ RunTime:0.000237s ]
INFO: [ app_end ] --START--
INFO: Run Behavior\ShowPageTraceBehavior [ RunTime:0.000541s ]
INFO: [ app_end ] --END-- [ RunTime:0.000602s ]

[ 2014-10-01T10:32:04+08:00 ] 127.0.0.1 /welfare/index.php/Home/Tmp/index
INFO: [ app_init ] --START--
INFO: Run Behavior\BuildLiteBehavior [ RunTime:0.000040s ]
INFO: [ app_init ] --END-- [ RunTime:0.001416s ]
INFO: [ app_begin ] --START--
INFO: Run Behavior\ReadHtmlCacheBehavior [ RunTime:0.001953s ]
INFO: [ app_begin ] --END-- [ RunTime:0.002126s ]
INFO: [ view_parse ] --START--
INFO: [ template_filter ] --START--
INFO: Run Behavior\ContentReplaceBehavior [ RunTime:0.000071s ]
INFO: [ template_filter ] --END-- [ RunTime:0.000200s ]
INFO: Run Behavior\ParseTemplateBehavior [ RunTime:0.010608s ]
INFO: [ view_parse ] --END-- [ RunTime:0.010717s ]
INFO: [ view_filter ] --START--
INFO: Run Behavior\WriteHtmlCacheBehavior [ RunTime:0.000624s ]
INFO: [ view_filter ] --END-- [ RunTime:0.000710s ]
INFO: [ app_end ] --START--
INFO: Run Behavior\ShowPageTraceBehavior [ RunTime:0.001235s ]
INFO: [ app_end ] --END-- [ RunTime:0.001331s ]

[ 2014-10-01T10:32:04+08:00 ] 127.0.0.1 /welfare/index.php/Home/Tmp/
INFO: [ app_init ] --START--
INFO: Run Behavior\BuildLiteBehavior [ RunTime:0.000039s ]
INFO: [ app_init ] --END-- [ RunTime:0.001361s ]
INFO: [ app_begin ] --START--
INFO: Run Behavior\ReadHtmlCacheBehavior [ RunTime:0.001711s ]
INFO: [ app_begin ] --END-- [ RunTime:0.001888s ]
INFO: [ view_parse ] --START--
INFO: [ template_filter ] --START--
INFO: Run Behavior\ContentReplaceBehavior [ RunTime:0.000069s ]
INFO: [ template_filter ] --END-- [ RunTime:0.000171s ]
INFO: Run Behavior\ParseTemplateBehavior [ RunTime:0.010695s ]
INFO: [ view_parse ] --END-- [ RunTime:0.010834s ]
INFO: [ view_filter ] --START--
INFO: Run Behavior\WriteHtmlCacheBehavior [ RunTime:0.000323s ]
INFO: [ view_filter ] --END-- [ RunTime:0.000406s ]
INFO: [ app_end ] --START--
INFO: Run Behavior\ShowPageTraceBehavior [ RunTime:0.000945s ]
INFO: [ app_end ] --END-- [ RunTime:0.001037s ]

[ 2014-10-01T10:32:40+08:00 ] 127.0.0.1 /welfare/index.php/Home/Tmp/upload
INFO: [ app_init ] --START--
INFO: Run Behavior\BuildLiteBehavior [ RunTime:0.000025s ]
INFO: [ app_init ] --END-- [ RunTime:0.000713s ]
INFO: [ app_begin ] --START--
INFO: Run Behavior\ReadHtmlCacheBehavior [ RunTime:0.001088s ]
INFO: [ app_begin ] --END-- [ RunTime:0.001195s ]
NOTIC: [2] move_uploaded_file(D:/Program Files (x86)/wamp/www//uploads/590621001412130760.jpg) [<a href='function.move-uploaded-file'>function.move-uploaded-file</a>]: failed to open stream: No such file or directory D:\Program Files (x86)\wamp\www\welfare\Home\Controller\TmpController.class.php 第 41 行.
NOTIC: [2] move_uploaded_file() [<a href='function.move-uploaded-file'>function.move-uploaded-file</a>]: Unable to move 'D:\Program Files (x86)\wamp\tmp\phpB104.tmp' to 'D:/Program Files (x86)/wamp/www//uploads/590621001412130760.jpg' D:\Program Files (x86)\wamp\www\welfare\Home\Controller\TmpController.class.php 第 41 行.
INFO: [ app_end ] --START--
INFO: Run Behavior\ShowPageTraceBehavior [ RunTime:0.001356s ]
INFO: [ app_end ] --END-- [ RunTime:0.001464s ]

[ 2014-10-01T10:36:13+08:00 ] 127.0.0.1 /welfare/index.php/Home/Tmp/index
INFO: [ app_init ] --START--
INFO: Run Behavior\BuildLiteBehavior [ RunTime:0.000023s ]
INFO: [ app_init ] --END-- [ RunTime:0.000790s ]
INFO: [ app_begin ] --START--
INFO: Run Behavior\ReadHtmlCacheBehavior [ RunTime:0.001126s ]
INFO: [ app_begin ] --END-- [ RunTime:0.001235s ]
INFO: [ view_parse ] --START--
INFO: [ template_filter ] --START--
INFO: Run Behavior\ContentReplaceBehavior [ RunTime:0.000070s ]
INFO: [ template_filter ] --END-- [ RunTime:0.000173s ]
INFO: Run Behavior\ParseTemplateBehavior [ RunTime:0.010142s ]
INFO: [ view_parse ] --END-- [ RunTime:0.010249s ]
INFO: [ view_filter ] --START--
INFO: Run Behavior\WriteHtmlCacheBehavior [ RunTime:0.000573s ]
INFO: [ view_filter ] --END-- [ RunTime:0.000659s ]
INFO: [ app_end ] --START--
INFO: Run Behavior\ShowPageTraceBehavior [ RunTime:0.001255s ]
INFO: [ app_end ] --END-- [ RunTime:0.001377s ]

[ 2014-10-01T10:36:24+08:00 ] 127.0.0.1 /welfare/index.php/Home/Tmp/index
INFO: [ app_init ] --START--
INFO: Run Behavior\BuildLiteBehavior [ RunTime:0.000017s ]
INFO: [ app_init ] --END-- [ RunTime:0.000479s ]
INFO: [ app_begin ] --START--
INFO: Run Behavior\ReadHtmlCacheBehavior [ RunTime:0.001050s ]
INFO: [ app_begin ] --END-- [ RunTime:0.001137s ]
INFO: [ view_parse ] --START--
INFO: [ template_filter ] --START--
INFO: Run Behavior\ContentReplaceBehavior [ RunTime:0.000051s ]
INFO: [ template_filter ] --END-- [ RunTime:0.000143s ]
INFO: Run Behavior\ParseTemplateBehavior [ RunTime:0.007227s ]
INFO: [ view_parse ] --END-- [ RunTime:0.007319s ]
INFO: [ view_filter ] --START--
INFO: Run Behavior\WriteHtmlCacheBehavior [ RunTime:0.000494s ]
INFO: [ view_filter ] --END-- [ RunTime:0.000561s ]
INFO: [ app_end ] --START--
INFO: Run Behavior\ShowPageTraceBehavior [ RunTime:0.000860s ]
INFO: [ app_end ] --END-- [ RunTime:0.000929s ]

[ 2014-10-01T10:36:41+08:00 ] 127.0.0.1 /welfare/index.php/Home/Tmp/index
INFO: [ app_init ] --START--
INFO: Run Behavior\BuildLiteBehavior [ RunTime:0.000027s ]
INFO: [ app_init ] --END-- [ RunTime:0.000740s ]
INFO: [ app_begin ] --START--
INFO: Run Behavior\ReadHtmlCacheBehavior [ RunTime:0.001006s ]
INFO: [ app_begin ] --END-- [ RunTime:0.001096s ]
INFO: [ view_parse ] --START--
INFO: [ template_filter ] --START--
INFO: Run Behavior\ContentReplaceBehavior [ RunTime:0.000049s ]
INFO: [ template_filter ] --END-- [ RunTime:0.000131s ]
INFO: Run Behavior\ParseTemplateBehavior [ RunTime:0.007448s ]
INFO: [ view_parse ] --END-- [ RunTime:0.007549s ]
INFO: [ view_filter ] --START--
INFO: Run Behavior\WriteHtmlCacheBehavior [ RunTime:0.000386s ]
INFO: [ view_filter ] --END-- [ RunTime:0.000441s ]
INFO: [ app_end ] --START--
INFO: Run Behavior\ShowPageTraceBehavior [ RunTime:0.000886s ]
INFO: [ app_end ] --END-- [ RunTime:0.000956s ]

[ 2014-10-01T10:36:42+08:00 ] 127.0.0.1 /welfare/index.php/Home/Tmp/
INFO: [ app_init ] --START--
INFO: Run Behavior\BuildLiteBehavior [ RunTime:0.000027s ]
INFO: [ app_init ] --END-- [ RunTime:0.000716s ]
INFO: [ app_begin ] --START--
INFO: Run Behavior\ReadHtmlCacheBehavior [ RunTime:0.000961s ]
INFO: [ app_begin ] --END-- [ RunTime:0.001071s ]
INFO: [ view_parse ] --START--
INFO: [ template_filter ] --START--
INFO: Run Behavior\ContentReplaceBehavior [ RunTime:0.000072s ]
INFO: [ template_filter ] --END-- [ RunTime:0.000180s ]
INFO: Run Behavior\ParseTemplateBehavior [ RunTime:0.010098s ]
INFO: [ view_parse ] --END-- [ RunTime:0.010212s ]
INFO: [ view_filter ] --START--
INFO: Run Behavior\WriteHtmlCacheBehavior [ RunTime:0.000387s ]
INFO: [ view_filter ] --END-- [ RunTime:0.000477s ]
INFO: [ app_end ] --START--
INFO: Run Behavior\ShowPageTraceBehavior [ RunTime:0.000957s ]
INFO: [ app_end ] --END-- [ RunTime:0.001055s ]

[ 2014-10-01T10:38:36+08:00 ] 127.0.0.1 /welfare/index.php/Home/Tmp/index
INFO: [ app_init ] --START--
INFO: Run Behavior\BuildLiteBehavior [ RunTime:0.000026s ]
INFO: [ app_init ] --END-- [ RunTime:0.000771s ]
INFO: [ app_begin ] --START--
INFO: Run Behavior\ReadHtmlCacheBehavior [ RunTime:0.001379s ]
INFO: [ app_begin ] --END-- [ RunTime:0.001536s ]
INFO: [ view_parse ] --START--
INFO: [ template_filter ] --START--
INFO: Run Behavior\ContentReplaceBehavior [ RunTime:0.000074s ]
INFO: [ template_filter ] --END-- [ RunTime:0.000184s ]
INFO: Run Behavior\ParseTemplateBehavior [ RunTime:0.011203s ]
INFO: [ view_parse ] --END-- [ RunTime:0.011318s ]
INFO: [ view_filter ] --START--
INFO: Run Behavior\WriteHtmlCacheBehavior [ RunTime:0.000605s ]
INFO: [ view_filter ] --END-- [ RunTime:0.000695s ]
INFO: [ app_end ] --START--
INFO: Run Behavior\ShowPageTraceBehavior [ RunTime:0.001331s ]
INFO: [ app_end ] --END-- [ RunTime:0.001431s ]

[ 2014-10-01T10:38:38+08:00 ] 127.0.0.1 /welfare/index.php/Home/Tmp/index
INFO: [ app_init ] --START--
INFO: Run Behavior\BuildLiteBehavior [ RunTime:0.000030s ]
INFO: [ app_init ] --END-- [ RunTime:0.000743s ]
INFO: [ app_begin ] --START--
INFO: Run Behavior\ReadHtmlCacheBehavior [ RunTime:0.001337s ]
INFO: [ app_begin ] --END-- [ RunTime:0.001456s ]
INFO: [ view_parse ] --START--
INFO: [ template_filter ] --START--
INFO: Run Behavior\ContentReplaceBehavior [ RunTime:0.000083s ]
INFO: [ template_filter ] --END-- [ RunTime:0.000238s ]
INFO: Run Behavior\ParseTemplateBehavior [ RunTime:0.007196s ]
INFO: [ view_parse ] --END-- [ RunTime:0.007277s ]
INFO: [ view_filter ] --START--
INFO: Run Behavior\WriteHtmlCacheBehavior [ RunTime:0.000427s ]
INFO: [ view_filter ] --END-- [ RunTime:0.000489s ]
INFO: [ app_end ] --START--
INFO: Run Behavior\ShowPageTraceBehavior [ RunTime:0.000830s ]
INFO: [ app_end ] --END-- [ RunTime:0.000904s ]

[ 2014-10-01T10:38:38+08:00 ] 127.0.0.1 /welfare/index.php/Home/Tmp/
INFO: [ app_init ] --START--
INFO: Run Behavior\BuildLiteBehavior [ RunTime:0.000015s ]
INFO: [ app_init ] --END-- [ RunTime:0.000397s ]
INFO: [ app_begin ] --START--
INFO: Run Behavior\ReadHtmlCacheBehavior [ RunTime:0.000479s ]
INFO: [ app_begin ] --END-- [ RunTime:0.000537s ]
INFO: [ view_parse ] --START--
INFO: [ template_filter ] --START--
INFO: Run Behavior\ContentReplaceBehavior [ RunTime:0.000038s ]
INFO: [ template_filter ] --END-- [ RunTime:0.000096s ]
INFO: Run Behavior\ParseTemplateBehavior [ RunTime:0.005540s ]
INFO: [ view_parse ] --END-- [ RunTime:0.005601s ]
INFO: [ view_filter ] --START--
INFO: Run Behavior\WriteHtmlCacheBehavior [ RunTime:0.000188s ]
INFO: [ view_filter ] --END-- [ RunTime:0.000236s ]
INFO: [ app_end ] --START--
INFO: Run Behavior\ShowPageTraceBehavior [ RunTime:0.000521s ]
INFO: [ app_end ] --END-- [ RunTime:0.000575s ]

[ 2014-10-01T10:38:45+08:00 ] 127.0.0.1 /welfare/index.php/Home/Tmp/upload
INFO: [ app_init ] --START--
INFO: Run Behavior\BuildLiteBehavior [ RunTime:0.000017s ]
INFO: [ app_init ] --END-- [ RunTime:0.000431s ]
INFO: [ app_begin ] --START--
INFO: Run Behavior\ReadHtmlCacheBehavior [ RunTime:0.000680s ]
INFO: [ app_begin ] --END-- [ RunTime:0.000746s ]
NOTIC: [2] move_uploaded_file(D:/Program Files (x86)/wamp/www//uploads/946358001412131125.jpg) [<a href='function.move-uploaded-file'>function.move-uploaded-file</a>]: failed to open stream: No such file or directory D:\Program Files (x86)\wamp\www\welfare\Home\Controller\TmpController.class.php 第 41 行.
NOTIC: [2] move_uploaded_file() [<a href='function.move-uploaded-file'>function.move-uploaded-file</a>]: Unable to move 'D:\Program Files (x86)\wamp\tmp\php4463.tmp' to 'D:/Program Files (x86)/wamp/www//uploads/946358001412131125.jpg' D:\Program Files (x86)\wamp\www\welfare\Home\Controller\TmpController.class.php 第 41 行.
INFO: [ app_end ] --START--
INFO: Run Behavior\ShowPageTraceBehavior [ RunTime:0.000717s ]
INFO: [ app_end ] --END-- [ RunTime:0.000787s ]

[ 2014-10-01T10:39:03+08:00 ] 127.0.0.1 /welfare/index.php/Home/Tmp/index
INFO: [ app_init ] --START--
INFO: Run Behavior\BuildLiteBehavior [ RunTime:0.000026s ]
INFO: [ app_init ] --END-- [ RunTime:0.000712s ]
INFO: [ app_begin ] --START--
INFO: Run Behavior\ReadHtmlCacheBehavior [ RunTime:0.001236s ]
INFO: [ app_begin ] --END-- [ RunTime:0.001384s ]
INFO: [ view_parse ] --START--
INFO: [ template_filter ] --START--
INFO: Run Behavior\ContentReplaceBehavior [ RunTime:0.000047s ]
INFO: [ template_filter ] --END-- [ RunTime:0.000118s ]
INFO: Run Behavior\ParseTemplateBehavior [ RunTime:0.017054s ]
INFO: [ view_parse ] --END-- [ RunTime:0.017146s ]
INFO: [ view_filter ] --START--
INFO: Run Behavior\WriteHtmlCacheBehavior [ RunTime:0.000370s ]
INFO: [ view_filter ] --END-- [ RunTime:0.000426s ]
INFO: [ app_end ] --START--
INFO: Run Behavior\ShowPageTraceBehavior [ RunTime:0.000730s ]
INFO: [ app_end ] --END-- [ RunTime:0.000789s ]

[ 2014-10-01T10:39:04+08:00 ] 127.0.0.1 /welfare/index.php/Home/Tmp/
INFO: [ app_init ] --START--
INFO: Run Behavior\BuildLiteBehavior [ RunTime:0.000025s ]
INFO: [ app_init ] --END-- [ RunTime:0.000637s ]
INFO: [ app_begin ] --START--
INFO: Run Behavior\ReadHtmlCacheBehavior [ RunTime:0.000947s ]
INFO: [ app_begin ] --END-- [ RunTime:0.001055s ]
INFO: [ view_parse ] --START--
INFO: [ template_filter ] --START--
INFO: Run Behavior\ContentReplaceBehavior [ RunTime:0.000071s ]
INFO: [ template_filter ] --END-- [ RunTime:0.000176s ]
INFO: Run Behavior\ParseTemplateBehavior [ RunTime:0.011142s ]
INFO: [ view_parse ] --END-- [ RunTime:0.011260s ]
INFO: [ view_filter ] --START--
INFO: Run Behavior\WriteHtmlCacheBehavior [ RunTime:0.000646s ]
INFO: [ view_filter ] --END-- [ RunTime:0.000741s ]
INFO: [ app_end ] --START--
INFO: Run Behavior\ShowPageTraceBehavior [ RunTime:0.001074s ]
INFO: [ app_end ] --END-- [ RunTime:0.001173s ]

[ 2014-10-01T10:39:09+08:00 ] 127.0.0.1 /welfare/index.php/Home/Tmp/upload
INFO: [ app_init ] --START--
INFO: Run Behavior\BuildLiteBehavior [ RunTime:0.000018s ]
INFO: [ app_init ] --END-- [ RunTime:0.000540s ]
INFO: [ app_begin ] --START--
INFO: Run Behavior\ReadHtmlCacheBehavior [ RunTime:0.000901s ]
INFO: [ app_begin ] --END-- [ RunTime:0.000990s ]
NOTIC: [2] move_uploaded_file(D:/Program Files (x86)/wamp/www//uploads/991925001412131149.jpg) [<a href='function.move-uploaded-file'>function.move-uploaded-file</a>]: failed to open stream: No such file or directory D:\Program Files (x86)\wamp\www\welfare\Home\Controller\TmpController.class.php 第 41 行.
NOTIC: [2] move_uploaded_file() [<a href='function.move-uploaded-file'>function.move-uploaded-file</a>]: Unable to move 'D:\Program Files (x86)\wamp\tmp\phpA224.tmp' to 'D:/Program Files (x86)/wamp/www//uploads/991925001412131149.jpg' D:\Program Files (x86)\wamp\www\welfare\Home\Controller\TmpController.class.php 第 41 行.
INFO: [ app_end ] --START--
INFO: Run Behavior\ShowPageTraceBehavior [ RunTime:0.000926s ]
INFO: [ app_end ] --END-- [ RunTime:0.001007s ]

[ 2014-10-01T10:40:09+08:00 ] 127.0.0.1 /welfare/index.php/Home/Tmp/index
INFO: [ app_init ] --START--
INFO: Run Behavior\BuildLiteBehavior [ RunTime:0.000041s ]
INFO: [ app_init ] --END-- [ RunTime:0.001056s ]
INFO: [ app_begin ] --START--
INFO: Run Behavior\ReadHtmlCacheBehavior [ RunTime:0.001449s ]
INFO: [ app_begin ] --END-- [ RunTime:0.001629s ]
INFO: [ view_parse ] --START--
INFO: [ template_filter ] --START--
INFO: Run Behavior\ContentReplaceBehavior [ RunTime:0.000067s ]
INFO: [ template_filter ] --END-- [ RunTime:0.000165s ]
INFO: Run Behavior\ParseTemplateBehavior [ RunTime:0.008957s ]
INFO: [ view_parse ] --END-- [ RunTime:0.009095s ]
INFO: [ view_filter ] --START--
INFO: Run Behavior\WriteHtmlCacheBehavior [ RunTime:0.000332s ]
INFO: [ view_filter ] --END-- [ RunTime:0.000415s ]
INFO: [ app_end ] --START--
INFO: Run Behavior\ShowPageTraceBehavior [ RunTime:0.000854s ]
INFO: [ app_end ] --END-- [ RunTime:0.000943s ]

[ 2014-10-01T10:40:09+08:00 ] 127.0.0.1 /welfare/index.php/Home/Tmp/
INFO: [ app_init ] --START--
INFO: Run Behavior\BuildLiteBehavior [ RunTime:0.000041s ]
INFO: [ app_init ] --END-- [ RunTime:0.001090s ]
INFO: [ app_begin ] --START--
INFO: Run Behavior\ReadHtmlCacheBehavior [ RunTime:0.001423s ]
INFO: [ app_begin ] --END-- [ RunTime:0.001596s ]
INFO: [ view_parse ] --START--
INFO: [ template_filter ] --START--
INFO: Run Behavior\ContentReplaceBehavior [ RunTime:0.000116s ]
INFO: [ template_filter ] --END-- [ RunTime:0.000295s ]
INFO: Run Behavior\ParseTemplateBehavior [ RunTime:0.017289s ]
INFO: [ view_parse ] --END-- [ RunTime:0.017486s ]
INFO: [ view_filter ] --START--
INFO: Run Behavior\WriteHtmlCacheBehavior [ RunTime:0.001076s ]
INFO: [ view_filter ] --END-- [ RunTime:0.001245s ]
INFO: [ app_end ] --START--
INFO: Run Behavior\ShowPageTraceBehavior [ RunTime:0.001517s ]
INFO: [ app_end ] --END-- [ RunTime:0.001676s ]

[ 2014-10-01T10:40:23+08:00 ] 127.0.0.1 /welfare/index.php/Home/Tmp/upload
INFO: [ app_init ] --START--
INFO: Run Behavior\BuildLiteBehavior [ RunTime:0.000014s ]
INFO: [ app_init ] --END-- [ RunTime:0.000356s ]
INFO: [ app_begin ] --START--
INFO: Run Behavior\ReadHtmlCacheBehavior [ RunTime:0.000482s ]
INFO: [ app_begin ] --END-- [ RunTime:0.000542s ]
INFO: [ app_end ] --START--
INFO: Run Behavior\ShowPageTraceBehavior [ RunTime:0.000893s ]
INFO: [ app_end ] --END-- [ RunTime:0.001043s ]

[ 2014-10-01T10:43:13+08:00 ] 127.0.0.1 /welfare/index.php/Home/Tmp/index
INFO: [ app_init ] --START--
INFO: Run Behavior\BuildLiteBehavior [ RunTime:0.000026s ]
INFO: [ app_init ] --END-- [ RunTime:0.000724s ]
INFO: [ app_begin ] --START--
INFO: Run Behavior\ReadHtmlCacheBehavior [ RunTime:0.001221s ]
INFO: [ app_begin ] --END-- [ RunTime:0.001336s ]
INFO: [ view_parse ] --START--
INFO: [ template_filter ] --START--
INFO: Run Behavior\ContentReplaceBehavior [ RunTime:0.000074s ]
INFO: [ template_filter ] --END-- [ RunTime:0.000186s ]
INFO: Run Behavior\ParseTemplateBehavior [ RunTime:0.011207s ]
INFO: [ view_parse ] --END-- [ RunTime:0.011323s ]
INFO: [ view_filter ] --START--
INFO: Run Behavior\WriteHtmlCacheBehavior [ RunTime:0.000624s ]
INFO: [ view_filter ] --END-- [ RunTime:0.000715s ]
INFO: [ app_end ] --START--
INFO: Run Behavior\ShowPageTraceBehavior [ RunTime:0.001275s ]
INFO: [ app_end ] --END-- [ RunTime:0.001377s ]

[ 2014-10-01T10:43:14+08:00 ] 127.0.0.1 /welfare/index.php/Home/Tmp/
INFO: [ app_init ] --START--
INFO: Run Behavior\BuildLiteBehavior [ RunTime:0.000024s ]
INFO: [ app_init ] --END-- [ RunTime:0.000841s ]
INFO: [ app_begin ] --START--
INFO: Run Behavior\ReadHtmlCacheBehavior [ RunTime:0.001247s ]
INFO: [ app_begin ] --END-- [ RunTime:0.001385s ]
INFO: [ view_parse ] --START--
INFO: [ template_filter ] --START--
INFO: Run Behavior\ContentReplaceBehavior [ RunTime:0.000068s ]
INFO: [ template_filter ] --END-- [ RunTime:0.000182s ]
INFO: Run Behavior\ParseTemplateBehavior [ RunTime:0.010680s ]
INFO: [ view_parse ] --END-- [ RunTime:0.010791s ]
INFO: [ view_filter ] --START--
INFO: Run Behavior\WriteHtmlCacheBehavior [ RunTime:0.000563s ]
INFO: [ view_filter ] --END-- [ RunTime:0.000653s ]
INFO: [ app_end ] --START--
INFO: Run Behavior\ShowPageTraceBehavior [ RunTime:0.001247s ]
INFO: [ app_end ] --END-- [ RunTime:0.001342s ]

[ 2014-10-01T10:43:18+08:00 ] 127.0.0.1 /welfare/index.php/Home/Tmp/upload
INFO: [ app_init ] --START--
INFO: Run Behavior\BuildLiteBehavior [ RunTime:0.000015s ]
INFO: [ app_init ] --END-- [ RunTime:0.000358s ]
INFO: [ app_begin ] --START--
INFO: Run Behavior\ReadHtmlCacheBehavior [ RunTime:0.000487s ]
INFO: [ app_begin ] --END-- [ RunTime:0.000551s ]
INFO: [ app_end ] --START--
INFO: Run Behavior\ShowPageTraceBehavior [ RunTime:0.000570s ]
INFO: [ app_end ] --END-- [ RunTime:0.000649s ]

